#
# There is insufficient memory for the Java Runtime Environment to continue.
# Native memory allocation (malloc) failed to allocate 77594624 bytes for committing reserved memory.
# Possible reasons:
#   The system is out of physical RAM or swap space
#   In 32 bit mode, the process size limit was hit
# Possible solutions:
#   Reduce memory load on the system
#   Increase physical memory or swap space
#   Check if swap backing store is full
#   Use 64 bit Java on a 64 bit OS
#   Decrease Java heap size (-Xmx/-Xms)
#   Decrease number of Java threads
#   Decrease Java thread stack sizes (-Xss)
#   Set larger code cache with -XX:ReservedCodeCacheSize=
# This output file may be truncated or incomplete.
#
#  Out of Memory Error (os_linux.cpp:2756), pid=6629, tid=140144259417856
#
# JRE version: Java(TM) SE Runtime Environment (7.0_80-b15) (build 1.7.0_80-b15)
# Java VM: Java HotSpot(TM) 64-Bit Server VM (24.80-b11 mixed mode linux-amd64 compressed oops)
# Failed to write core dump. Core dumps have been disabled. To enable core dumping, try "ulimit -c unlimited" before starting Java again
#

---------------  T H R E A D  ---------------

Current thread (0x00007f75dc06b800):  VMThread [stack: 0x00007f75e0bcc000,0x00007f75e0ccd000] [id=6640]

Stack: [0x00007f75e0bcc000,0x00007f75e0ccd000],  sp=0x00007f75e0ccb290,  free space=1020k
Native frames: (J=compiled Java code, j=interpreted, Vv=VM code, C=native code)
V  [libjvm.so+0x9a320a]  VMError::report_and_die()+0x2ea
V  [libjvm.so+0x498d3b]  report_vm_out_of_memory(char const*, int, unsigned long, char const*)+0x9b
V  [libjvm.so+0x82191e]  os::Linux::commit_memory_impl(char*, unsigned long, bool)+0xfe
V  [libjvm.so+0x821e69]  os::pd_commit_memory(char*, unsigned long, unsigned long, bool)+0x29
V  [libjvm.so+0x81bb6a]  os::commit_memory(char*, unsigned long, unsigned long, bool)+0x2a
V  [libjvm.so+0x88d623]  PSVirtualSpace::expand_by(unsigned long)+0x53
V  [libjvm.so+0x88e9f8]  PSYoungGen::resize_generation(unsigned long, unsigned long)+0xf8
V  [libjvm.so+0x88db62]  PSYoungGen::resize(unsigned long, unsigned long)+0x22
V  [libjvm.so+0x88af1d]  PSScavenge::invoke_no_policy()+0xf3d
V  [libjvm.so+0x88b761]  PSScavenge::invoke()+0x41
V  [libjvm.so+0x843f40]  ParallelScavengeHeap::failed_mem_allocate(unsigned long)+0x70
V  [libjvm.so+0x9a4a97]  VM_ParallelGCFailedAllocation::doit()+0x97
V  [libjvm.so+0x9abf35]  VM_Operation::evaluate()+0x55
V  [libjvm.so+0x9aa2fa]  VMThread::evaluate_operation(VM_Operation*)+0xba
V  [libjvm.so+0x9aa67e]  VMThread::loop()+0x1ce
V  [libjvm.so+0x9aaaf0]  VMThread::run()+0x70
V  [libjvm.so+0x8238c8]  java_start(Thread*)+0x108

VM_Operation (0x00007f75e57613c0): ParallelGCFailedAllocation, mode: safepoint, requested by thread 0x00007f75dc00b800


---------------  P R O C E S S  ---------------

Java Threads: ( => current thread )
  0x00007f75dc09a800 JavaThread "Service Thread" daemon [_thread_blocked, id=6646, stack(0x00007f75e01c9000,0x00007f75e02ca000)]
  0x00007f75dc098000 JavaThread "C2 CompilerThread1" daemon [_thread_blocked, id=6645, stack(0x00007f75e02ca000,0x00007f75e03cb000)]
  0x00007f75dc095000 JavaThread "C2 CompilerThread0" daemon [_thread_blocked, id=6644, stack(0x00007f75e03cb000,0x00007f75e04cc000)]
  0x00007f75dc093000 JavaThread "Signal Dispatcher" daemon [_thread_blocked, id=6643, stack(0x00007f75e04cc000,0x00007f75e05cd000)]
  0x00007f75dc072000 JavaThread "Finalizer" daemon [_thread_blocked, id=6642, stack(0x00007f75e09ca000,0x00007f75e0acb000)]
  0x00007f75dc070000 JavaThread "Reference Handler" daemon [_thread_blocked, id=6641, stack(0x00007f75e0acb000,0x00007f75e0bcc000)]
  0x00007f75dc00b800 JavaThread "main" [_thread_blocked, id=6635, stack(0x00007f75e5662000,0x00007f75e5763000)]

Other Threads:
=>0x00007f75dc06b800 VMThread [stack: 0x00007f75e0bcc000,0x00007f75e0ccd000] [id=6640]
  0x00007f75dc0a5000 WatcherThread [stack: 0x00007f75e00c8000,0x00007f75e01c9000] [id=6647]

VM state:at safepoint (normal execution)

VM Mutex/Monitor currently owned by a thread:  ([mutex/lock_event])
[0x00007f75dc007dc0] Threads_lock - owner thread: 0x00007f75dc06b800
[0x00007f75dc0082c0] Heap_lock - owner thread: 0x00007f75dc00b800

Heap
 PSYoungGen      total 135168K, used 10040K [0x00000000eaa80000, 0x00000000f3a80000, 0x0000000100000000)
  eden space 123904K, 0% used [0x00000000eaa80000,0x00000000eaa80000,0x00000000f2380000)
  from space 11264K, 89% used [0x00000000f2380000,0x00000000f2d4e238,0x00000000f2e80000)
  to   space 10240K, 0% used [0x00000000f2e80000,0x00000000f2e80000,0x00000000f3880000)
 ParOldGen       total 39936K, used 37658K [0x00000000c0000000, 0x00000000c2700000, 0x00000000eaa80000)
  object space 39936K, 94% used [0x00000000c0000000,0x00000000c24c6aa0,0x00000000c2700000)
 PSPermGen       total 21504K, used 7231K [0x00000000bae00000, 0x00000000bc300000, 0x00000000c0000000)
  object space 21504K, 33% used [0x00000000bae00000,0x00000000bb50fff0,0x00000000bc300000)

Card table byte_map: [0x00007f75e2731000,0x00007f75e295b000] byte_map_base: 0x00007f75e215a000

Polling page: 0x00007f75e5779000

Code Cache  [0x00007f75d9000000, 0x00007f75d9270000, 0x00007f75dc000000)
 total_blobs=1044 nmethods=792 adapters=205 free_code_cache=46792Kb largest_free_block=47862080

Compilation events (10 events):
Event: 8,054 Thread 0x00007f75dc095000 nmethod 811 0x00007f75d923c7d0 code [0x00007f75d923c900, 0x00007f75d923c958]
Event: 8,054 Thread 0x00007f75dc095000  812             com.android.dx.io.instructions.FiveRegisterDecodedInstruction::getB (5 bytes)
Event: 8,055 Thread 0x00007f75dc095000 nmethod 812 0x00007f75d923c590 code [0x00007f75d923c6c0, 0x00007f75d923c718]
Event: 8,055 Thread 0x00007f75dc095000  813             com.android.dx.io.instructions.FiveRegisterDecodedInstruction::getC (5 bytes)
Event: 8,055 Thread 0x00007f75dc095000 nmethod 813 0x00007f75d9245990 code [0x00007f75d9245ac0, 0x00007f75d9245b18]
Event: 8,055 Thread 0x00007f75dc095000  814             com.android.dx.io.instructions.FiveRegisterDecodedInstruction::getD (5 bytes)
Event: 8,055 Thread 0x00007f75dc095000 nmethod 814 0x00007f75d9245790 code [0x00007f75d92458c0, 0x00007f75d9245918]
Event: 8,064 Thread 0x00007f75dc098000 nmethod 791 0x00007f75d9254a90 code [0x00007f75d9254f00, 0x00007f75d92571f0]
Event: 8,090 Thread 0x00007f75dc095000  815             com.android.dx.io.instructions.RegisterRangeDecodedInstruction::<init> (26 bytes)
Event: 8,093 Thread 0x00007f75dc095000 nmethod 815 0x00007f75d9245210 code [0x00007f75d9245360, 0x00007f75d9245558]

GC Heap History (10 events):
Event: 5,519 GC heap after
Heap after GC invocations=4 (full 0):
 PSYoungGen      total 33792K, used 2048K [0x00000000eaa80000, 0x00000000ecd80000, 0x0000000100000000)
  eden space 31744K, 0% used [0x00000000eaa80000,0x00000000eaa80000,0x00000000ec980000)
  from space 2048K, 100% used [0x00000000ecb80000,0x00000000ecd80000,0x00000000ecd80000)
  to   space 2048K, 0% used [0x00000000ec980000,0x00000000ec980000,0x00000000ecb80000)
 ParOldGen       total 39936K, used 13879K [0x00000000c0000000, 0x00000000c2700000, 0x00000000eaa80000)
  object space 39936K, 34% used [0x00000000c0000000,0x00000000c0d8dcd8,0x00000000c2700000)
 PSPermGen       total 21504K, used 5566K [0x00000000bae00000, 0x00000000bc300000, 0x00000000c0000000)
  object space 21504K, 25% used [0x00000000bae00000,0x00000000bb36fbc0,0x00000000bc300000)
}
Event: 6,815 GC heap before
{Heap before GC invocations=5 (full 0):
 PSYoungGen      total 33792K, used 33792K [0x00000000eaa80000, 0x00000000ecd80000, 0x0000000100000000)
  eden space 31744K, 100% used [0x00000000eaa80000,0x00000000ec980000,0x00000000ec980000)
  from space 2048K, 100% used [0x00000000ecb80000,0x00000000ecd80000,0x00000000ecd80000)
  to   space 2048K, 0% used [0x00000000ec980000,0x00000000ec980000,0x00000000ecb80000)
 ParOldGen       total 39936K, used 13879K [0x00000000c0000000, 0x00000000c2700000, 0x00000000eaa80000)
  object space 39936K, 34% used [0x00000000c0000000,0x00000000c0d8dcd8,0x00000000c2700000)
 PSPermGen       total 21504K, used 7074K [0x00000000bae00000, 0x00000000bc300000, 0x00000000c0000000)
  object space 21504K, 32% used [0x00000000bae00000,0x00000000bb4e8b30,0x00000000bc300000)
Event: 6,826 GC heap after
Heap after GC invocations=5 (full 0):
 PSYoungGen      total 33792K, used 2034K [0x00000000eaa80000, 0x00000000ef780000, 0x0000000100000000)
  eden space 31744K, 0% used [0x00000000eaa80000,0x00000000eaa80000,0x00000000ec980000)
  from space 2048K, 99% used [0x00000000ec980000,0x00000000ecb7cae8,0x00000000ecb80000)
  to   space 7680K, 0% used [0x00000000ef000000,0x00000000ef000000,0x00000000ef780000)
 ParOldGen       total 39936K, used 15999K [0x00000000c0000000, 0x00000000c2700000, 0x00000000eaa80000)
  object space 39936K, 40% used [0x00000000c0000000,0x00000000c0f9fc98,0x00000000c2700000)
 PSPermGen       total 21504K, used 7074K [0x00000000bae00000, 0x00000000bc300000, 0x00000000c0000000)
  object space 21504K, 32% used [0x00000000bae00000,0x00000000bb4e8b30,0x00000000bc300000)
}
Event: 7,063 GC heap before
{Heap before GC invocations=6 (full 0):
 PSYoungGen      total 33792K, used 33778K [0x00000000eaa80000, 0x00000000ef780000, 0x0000000100000000)
  eden space 31744K, 100% used [0x00000000eaa80000,0x00000000ec980000,0x00000000ec980000)
  from space 2048K, 99% used [0x00000000ec980000,0x00000000ecb7cae8,0x00000000ecb80000)
  to   space 7680K, 0% used [0x00000000ef000000,0x00000000ef000000,0x00000000ef780000)
 ParOldGen       total 39936K, used 15999K [0x00000000c0000000, 0x00000000c2700000, 0x00000000eaa80000)
  object space 39936K, 40% used [0x00000000c0000000,0x00000000c0f9fc98,0x00000000c2700000)
 PSPermGen       total 21504K, used 7114K [0x00000000bae00000, 0x00000000bc300000, 0x00000000c0000000)
  object space 21504K, 33% used [0x00000000bae00000,0x00000000bb4f2a90,0x00000000bc300000)
Event: 7,073 GC heap after
Heap after GC invocations=6 (full 0):
 PSYoungGen      total 70144K, used 7152K [0x00000000eaa80000, 0x00000000ef980000, 0x0000000100000000)
  eden space 62464K, 0% used [0x00000000eaa80000,0x00000000eaa80000,0x00000000ee780000)
  from space 7680K, 93% used [0x00000000ef000000,0x00000000ef6fc330,0x00000000ef780000)
  to   space 8704K, 0% used [0x00000000ee780000,0x00000000ee780000,0x00000000ef000000)
 ParOldGen       total 39936K, used 23989K [0x00000000c0000000, 0x00000000c2700000, 0x00000000eaa80000)
  object space 39936K, 60% used [0x00000000c0000000,0x00000000c176d428,0x00000000c2700000)
 PSPermGen       total 21504K, used 7114K [0x00000000bae00000, 0x00000000bc300000, 0x00000000c0000000)
  object space 21504K, 33% used [0x00000000bae00000,0x00000000bb4f2a90,0x00000000bc300000)
}
Event: 7,437 GC heap before
{Heap before GC invocations=7 (full 0):
 PSYoungGen      total 70144K, used 69616K [0x00000000eaa80000, 0x00000000ef980000, 0x0000000100000000)
  eden space 62464K, 100% used [0x00000000eaa80000,0x00000000ee780000,0x00000000ee780000)
  from space 7680K, 93% used [0x00000000ef000000,0x00000000ef6fc330,0x00000000ef780000)
  to   space 8704K, 0% used [0x00000000ee780000,0x00000000ee780000,0x00000000ef000000)
 ParOldGen       total 39936K, used 23989K [0x00000000c0000000, 0x00000000c2700000, 0x00000000eaa80000)
  object space 39936K, 60% used [0x00000000c0000000,0x00000000c176d428,0x00000000c2700000)
 PSPermGen       total 21504K, used 7218K [0x00000000bae00000, 0x00000000bc300000, 0x00000000c0000000)
  object space 21504K, 33% used [0x00000000bae00000,0x00000000bb50c858,0x00000000bc300000)
Event: 7,458 GC heap after
Heap after GC invocations=7 (full 0):
 PSYoungGen      total 71168K, used 8672K [0x00000000eaa80000, 0x00000000f3880000, 0x0000000100000000)
  eden space 62464K, 0% used [0x00000000eaa80000,0x00000000eaa80000,0x00000000ee780000)
  from space 8704K, 99% used [0x00000000ee780000,0x00000000eeff8338,0x00000000ef000000)
  to   space 10240K, 0% used [0x00000000f2e80000,0x00000000f2e80000,0x00000000f3880000)
 ParOldGen       total 39936K, used 25076K [0x00000000c0000000, 0x00000000c2700000, 0x00000000eaa80000)
  object space 39936K, 62% used [0x00000000c0000000,0x00000000c187d1f0,0x00000000c2700000)
 PSPermGen       total 21504K, used 7218K [0x00000000bae00000, 0x00000000bc300000, 0x00000000c0000000)
  object space 21504K, 33% used [0x00000000bae00000,0x00000000bb50c858,0x00000000bc300000)
}
Event: 7,701 GC heap before
{Heap before GC invocations=8 (full 0):
 PSYoungGen      total 71168K, used 71136K [0x00000000eaa80000, 0x00000000f3880000, 0x0000000100000000)
  eden space 62464K, 100% used [0x00000000eaa80000,0x00000000ee780000,0x00000000ee780000)
  from space 8704K, 99% used [0x00000000ee780000,0x00000000eeff8338,0x00000000ef000000)
  to   space 10240K, 0% used [0x00000000f2e80000,0x00000000f2e80000,0x00000000f3880000)
 ParOldGen       total 39936K, used 25076K [0x00000000c0000000, 0x00000000c2700000, 0x00000000eaa80000)
  object space 39936K, 62% used [0x00000000c0000000,0x00000000c187d1f0,0x00000000c2700000)
 PSPermGen       total 21504K, used 7223K [0x00000000bae00000, 0x00000000bc300000, 0x00000000c0000000)
  object space 21504K, 33% used [0x00000000bae00000,0x00000000bb50dc88,0x00000000bc300000)
Event: 7,708 GC heap after
Heap after GC invocations=8 (full 0):
 PSYoungGen      total 134144K, used 9258K [0x00000000eaa80000, 0x00000000f3a80000, 0x0000000100000000)
  eden space 123904K, 0% used [0x00000000eaa80000,0x00000000eaa80000,0x00000000f2380000)
  from space 10240K, 90% used [0x00000000f2e80000,0x00000000f378aad0,0x00000000f3880000)
  to   space 11264K, 0% used [0x00000000f2380000,0x00000000f2380000,0x00000000f2e80000)
 ParOldGen       total 39936K, used 27834K [0x00000000c0000000, 0x00000000c2700000, 0x00000000eaa80000)
  object space 39936K, 69% used [0x00000000c0000000,0x00000000c1b2e978,0x00000000c2700000)
 PSPermGen       total 21504K, used 7223K [0x00000000bae00000, 0x00000000bc300000, 0x00000000c0000000)
  object space 21504K, 33% used [0x00000000bae00000,0x00000000bb50dc88,0x00000000bc300000)
}
Event: 8,209 GC heap before
{Heap before GC invocations=9 (full 0):
 PSYoungGen      total 134144K, used 133162K [0x00000000eaa80000, 0x00000000f3a80000, 0x0000000100000000)
  eden space 123904K, 100% used [0x00000000eaa80000,0x00000000f2380000,0x00000000f2380000)
  from space 10240K, 90% used [0x00000000f2e80000,0x00000000f378aad0,0x00000000f3880000)
  to   space 11264K, 0% used [0x00000000f2380000,0x00000000f2380000,0x00000000f2e80000)
 ParOldGen       total 39936K, used 27834K [0x00000000c0000000, 0x00000000c2700000, 0x00000000eaa80000)
  object space 39936K, 69% used [0x00000000c0000000,0x00000000c1b2e978,0x00000000c2700000)
 PSPermGen       total 21504K, used 7231K [0x00000000bae00000, 0x00000000bc300000, 0x00000000c0000000)
  object space 21504K, 33% used [0x00000000bae00000,0x00000000bb50fff0,0x00000000bc300000)

Deoptimization events (10 events):
Event: 7,417 Thread 0x00007f75dc00b800 Uncommon trap: reason=array_check action=maybe_recompile pc=0x00007f75d920b67c method=java.util.TimSort.binarySort([Ljava/lang/Object;IIILjava/util/Comparator;)V @ 193
Event: 7,417 Thread 0x00007f75dc00b800 Uncommon trap: reason=array_check action=maybe_recompile pc=0x00007f75d920b67c method=java.util.TimSort.binarySort([Ljava/lang/Object;IIILjava/util/Comparator;)V @ 193
Event: 7,511 Thread 0x00007f75dc00b800 Uncommon trap: reason=array_check action=maybe_recompile pc=0x00007f75d9218810 method=java.util.ComparableTimSort.binarySort([Ljava/lang/Object;III)V @ 183
Event: 7,511 Thread 0x00007f75dc00b800 Uncommon trap: reason=array_check action=maybe_recompile pc=0x00007f75d920e558 method=java.util.ComparableTimSort.binarySort([Ljava/lang/Object;III)V @ 183
Event: 7,523 Thread 0x00007f75dc00b800 Uncommon trap: reason=unstable_if action=reinterpret pc=0x00007f75d92142c8 method=java.util.ComparableTimSort.mergeHi(IIII)V @ 553
Event: 7,691 Thread 0x00007f75dc00b800 Uncommon trap: reason=array_check action=maybe_recompile pc=0x00007f75d9218810 method=java.util.ComparableTimSort.binarySort([Ljava/lang/Object;III)V @ 183
Event: 7,710 Thread 0x00007f75dc00b800 Uncommon trap: reason=unstable_if action=reinterpret pc=0x00007f75d9206224 method=com.android.dx.merge.DexMerger.transformAnnotationDirectory(Lcom/android/dex/Dex$Section;Lcom/android/dx/merge/IndexMap;)V @ 199
Event: 7,711 Thread 0x00007f75dc00b800 Uncommon trap: reason=array_check action=maybe_recompile pc=0x00007f75d91a5eb0 method=java.util.TimSort.binarySort([Ljava/lang/Object;IIILjava/util/Comparator;)V @ 183
Event: 7,711 Thread 0x00007f75dc00b800 Uncommon trap: reason=array_check action=maybe_recompile pc=0x00007f75d91a5eb0 method=java.util.TimSort.binarySort([Ljava/lang/Object;IIILjava/util/Comparator;)V @ 183
Event: 7,711 Thread 0x00007f75dc00b800 Uncommon trap: reason=array_check action=maybe_recompile pc=0x00007f75d9224a78 method=java.util.TimSort.binarySort([Ljava/lang/Object;IIILjava/util/Comparator;)V @ 183

Internal exceptions (10 events):
Event: 6,145 Thread 0x00007f75dc00b800 Threw 0x00000000eafc1c68 at /HUDSON/workspace/7u-2-build-linux-amd64/jdk7u80/2329/hotspot/src/share/vm/prims/jvm.cpp:1319
Event: 6,145 Thread 0x00007f75dc00b800 Threw 0x00000000eafc4b68 at /HUDSON/workspace/7u-2-build-linux-amd64/jdk7u80/2329/hotspot/src/share/vm/prims/jvm.cpp:1319
Event: 6,146 Thread 0x00007f75dc00b800 Threw 0x00000000eafc7e80 at /HUDSON/workspace/7u-2-build-linux-amd64/jdk7u80/2329/hotspot/src/share/vm/prims/jvm.cpp:1319
Event: 6,148 Thread 0x00007f75dc00b800 Threw 0x00000000eafcf1e8 at /HUDSON/workspace/7u-2-build-linux-amd64/jdk7u80/2329/hotspot/src/share/vm/prims/jvm.cpp:1319
Event: 6,149 Thread 0x00007f75dc00b800 Threw 0x00000000eafd1268 at /HUDSON/workspace/7u-2-build-linux-amd64/jdk7u80/2329/hotspot/src/share/vm/prims/jvm.cpp:1319
Event: 6,368 Thread 0x00007f75dc00b800 Threw 0x00000000eb0f55e8 at /HUDSON/workspace/7u-2-build-linux-amd64/jdk7u80/2329/hotspot/src/share/vm/prims/jvm.cpp:1319
Event: 6,368 Thread 0x00007f75dc00b800 Threw 0x00000000eb0f5710 at /HUDSON/workspace/7u-2-build-linux-amd64/jdk7u80/2329/hotspot/src/share/vm/prims/jvm.cpp:1319
Event: 6,368 Thread 0x00007f75dc00b800 Threw 0x00000000eb0f7a80 at /HUDSON/workspace/7u-2-build-linux-amd64/jdk7u80/2329/hotspot/src/share/vm/prims/jvm.cpp:1319
Event: 6,368 Thread 0x00007f75dc00b800 Threw 0x00000000eb0f7ba8 at /HUDSON/workspace/7u-2-build-linux-amd64/jdk7u80/2329/hotspot/src/share/vm/prims/jvm.cpp:1319
Event: 6,769 Thread 0x00007f75dc00b800 Threw 0x00000000ec621ce8 at /HUDSON/workspace/7u-2-build-linux-amd64/jdk7u80/2329/hotspot/src/share/vm/prims/jvm.cpp:1319

Events (10 events):
Event: 7,711 Thread 0x00007f75dc00b800 Uncommon trap: trap_request=0xffffffd6 fr.pc=0x00007f75d91a5eb0
Event: 7,711 Thread 0x00007f75dc00b800 DEOPT PACKING pc=0x00007f75d91a5eb0 sp=0x00007f75e5761470
Event: 7,711 Thread 0x00007f75dc00b800 DEOPT UNPACKING pc=0x00007f75d9039445 sp=0x00007f75e5761448 mode 2
Event: 7,711 Thread 0x00007f75dc00b800 Uncommon trap: trap_request=0xffffffd6 fr.pc=0x00007f75d91a5eb0
Event: 7,711 Thread 0x00007f75dc00b800 DEOPT PACKING pc=0x00007f75d91a5eb0 sp=0x00007f75e5761470
Event: 7,711 Thread 0x00007f75dc00b800 DEOPT UNPACKING pc=0x00007f75d9039445 sp=0x00007f75e5761448 mode 2
Event: 7,711 Thread 0x00007f75dc00b800 Uncommon trap: trap_request=0xffffffd6 fr.pc=0x00007f75d9224a78
Event: 7,711 Thread 0x00007f75dc00b800 DEOPT PACKING pc=0x00007f75d9224a78 sp=0x00007f75e5761460
Event: 7,711 Thread 0x00007f75dc00b800 DEOPT UNPACKING pc=0x00007f75d9039445 sp=0x00007f75e5761448 mode 2
Event: 8,121 Executing VM operation: ParallelGCFailedAllocation


Dynamic libraries:
00400000-00401000 r-xp 00000000 07:00 262743                             /usr/lib/jvm/java-7-oracle/bin/java
00600000-00601000 rw-p 00000000 07:00 262743                             /usr/lib/jvm/java-7-oracle/bin/java
00778000-00799000 rw-p 00000000 00:00 0                                  [heap]
bae00000-bc300000 rw-p 00000000 00:00 0 
bc300000-c0000000 rw-p 00000000 00:00 0 
c0000000-c2700000 rw-p 00000000 00:00 0 
c2700000-eaa80000 rw-p 00000000 00:00 0 
eaa80000-f3a80000 rw-p 00000000 00:00 0 
f8480000-100000000 rw-p 00000000 00:00 0 
7f759c000000-7f759c021000 rw-p 00000000 00:00 0 
7f759c021000-7f75a0000000 ---p 00000000 00:00 0 
7f75a4000000-7f75a5397000 rw-p 00000000 00:00 0 
7f75a5397000-7f75a8000000 ---p 00000000 00:00 0 
7f75a8000000-7f75a8021000 rw-p 00000000 00:00 0 
7f75a8021000-7f75ac000000 ---p 00000000 00:00 0 
7f75ac000000-7f75ac021000 rw-p 00000000 00:00 0 
7f75ac021000-7f75b0000000 ---p 00000000 00:00 0 
7f75b0000000-7f75b1660000 rw-p 00000000 00:00 0 
7f75b1660000-7f75b4000000 ---p 00000000 00:00 0 
7f75b4000000-7f75b4021000 rw-p 00000000 00:00 0 
7f75b4021000-7f75b8000000 ---p 00000000 00:00 0 
7f75b8000000-7f75b8021000 rw-p 00000000 00:00 0 
7f75b8021000-7f75bc000000 ---p 00000000 00:00 0 
7f75bc000000-7f75bc021000 rw-p 00000000 00:00 0 
7f75bc021000-7f75c0000000 ---p 00000000 00:00 0 
7f75c0000000-7f75c024f000 rw-p 00000000 00:00 0 
7f75c024f000-7f75c4000000 ---p 00000000 00:00 0 
7f75c4000000-7f75c4021000 rw-p 00000000 00:00 0 
7f75c4021000-7f75c8000000 ---p 00000000 00:00 0 
7f75cc000000-7f75cc021000 rw-p 00000000 00:00 0 
7f75cc021000-7f75d0000000 ---p 00000000 00:00 0 
7f75d1d70000-7f75d4000000 rw-p 00000000 00:00 0 
7f75d4000000-7f75d4021000 rw-p 00000000 00:00 0 
7f75d4021000-7f75d8000000 ---p 00000000 00:00 0 
7f75d8bd8000-7f75d8bef000 r-xp 00000000 07:00 264736                     /usr/lib/jvm/java-7-oracle/jre/lib/amd64/libnet.so
7f75d8bef000-7f75d8dee000 ---p 00017000 07:00 264736                     /usr/lib/jvm/java-7-oracle/jre/lib/amd64/libnet.so
7f75d8dee000-7f75d8def000 rw-p 00016000 07:00 264736                     /usr/lib/jvm/java-7-oracle/jre/lib/amd64/libnet.so
7f75d8def000-7f75d8dff000 r-xp 00000000 07:00 264763                     /usr/lib/jvm/java-7-oracle/jre/lib/amd64/libnio.so
7f75d8dff000-7f75d8fff000 ---p 00010000 07:00 264763                     /usr/lib/jvm/java-7-oracle/jre/lib/amd64/libnio.so
7f75d8fff000-7f75d9000000 rw-p 00010000 07:00 264763                     /usr/lib/jvm/java-7-oracle/jre/lib/amd64/libnio.so
7f75d9000000-7f75d9270000 rwxp 00000000 00:00 0 
7f75d9270000-7f75dc261000 rw-p 00000000 00:00 0 
7f75dc261000-7f75e0000000 ---p 00000000 00:00 0 
7f75e00c8000-7f75e00c9000 ---p 00000000 00:00 0 
7f75e00c9000-7f75e01c9000 rw-p 00000000 00:00 0 
7f75e01c9000-7f75e01cc000 ---p 00000000 00:00 0 
7f75e01cc000-7f75e02ca000 rw-p 00000000 00:00 0 
7f75e02ca000-7f75e02cd000 ---p 00000000 00:00 0 
7f75e02cd000-7f75e03cb000 rw-p 00000000 00:00 0 
7f75e03cb000-7f75e03ce000 ---p 00000000 00:00 0 
7f75e03ce000-7f75e04cc000 rw-p 00000000 00:00 0 
7f75e04cc000-7f75e04cf000 ---p 00000000 00:00 0 
7f75e04cf000-7f75e05cd000 rw-p 00000000 00:00 0 
7f75e05cd000-7f75e09ca000 r--p 00000000 07:00 654299                     /usr/lib/locale/locale-archive
7f75e09ca000-7f75e09cd000 ---p 00000000 00:00 0 
7f75e09cd000-7f75e0acb000 rw-p 00000000 00:00 0 
7f75e0acb000-7f75e0ace000 ---p 00000000 00:00 0 
7f75e0ace000-7f75e0bcc000 rw-p 00000000 00:00 0 
7f75e0bcc000-7f75e0bcd000 ---p 00000000 00:00 0 
7f75e0bcd000-7f75e1ccc000 rw-p 00000000 00:00 0 
7f75e1ccc000-7f75e1e8c000 r--s 039fb000 07:00 264909                     /usr/lib/jvm/java-7-oracle/jre/lib/rt.jar
7f75e1e8c000-7f75e21ae000 rw-p 00000000 00:00 0 
7f75e21ae000-7f75e21af000 ---p 00000000 00:00 0 
7f75e21af000-7f75e22af000 rw-p 00000000 00:00 0 
7f75e22af000-7f75e22b0000 ---p 00000000 00:00 0 
7f75e22b0000-7f75e23b0000 rw-p 00000000 00:00 0 
7f75e23b0000-7f75e23b1000 ---p 00000000 00:00 0 
7f75e23b1000-7f75e24b1000 rw-p 00000000 00:00 0 
7f75e24b1000-7f75e24b2000 ---p 00000000 00:00 0 
7f75e24b2000-7f75e25bd000 rw-p 00000000 00:00 0 
7f75e25bd000-7f75e25db000 rw-p 00000000 00:00 0 
7f75e25db000-7f75e25ef000 rw-p 00000000 00:00 0 
7f75e25ef000-7f75e2731000 rw-p 00000000 00:00 0 
7f75e2731000-7f75e273c000 rw-p 00000000 00:00 0 
7f75e273c000-7f75e275a000 rw-p 00000000 00:00 0 
7f75e275a000-7f75e276e000 rw-p 00000000 00:00 0 
7f75e276e000-7f75e28af000 rw-p 00000000 00:00 0 
7f75e28af000-7f75e28f8000 rw-p 00000000 00:00 0 
7f75e28f8000-7f75e295a000 rw-p 00000000 00:00 0 
7f75e295a000-7f75e295b000 rw-p 00000000 00:00 0 
7f75e295b000-7f75e2972000 r-xp 00000000 07:00 264713                     /usr/lib/jvm/java-7-oracle/jre/lib/amd64/libzip.so
7f75e2972000-7f75e2b72000 ---p 00017000 07:00 264713                     /usr/lib/jvm/java-7-oracle/jre/lib/amd64/libzip.so
7f75e2b72000-7f75e2b73000 rw-p 00017000 07:00 264713                     /usr/lib/jvm/java-7-oracle/jre/lib/amd64/libzip.so
7f75e2b73000-7f75e2b7f000 r-xp 00000000 07:00 1058449                    /lib/x86_64-linux-gnu/libnss_files-2.15.so
7f75e2b7f000-7f75e2d7e000 ---p 0000c000 07:00 1058449                    /lib/x86_64-linux-gnu/libnss_files-2.15.so
7f75e2d7e000-7f75e2d7f000 r--p 0000b000 07:00 1058449                    /lib/x86_64-linux-gnu/libnss_files-2.15.so
7f75e2d7f000-7f75e2d80000 rw-p 0000c000 07:00 1058449                    /lib/x86_64-linux-gnu/libnss_files-2.15.so
7f75e2d80000-7f75e2d8a000 r-xp 00000000 07:00 1050821                    /lib/x86_64-linux-gnu/libnss_nis-2.15.so
7f75e2d8a000-7f75e2f8a000 ---p 0000a000 07:00 1050821                    /lib/x86_64-linux-gnu/libnss_nis-2.15.so
7f75e2f8a000-7f75e2f8b000 r--p 0000a000 07:00 1050821                    /lib/x86_64-linux-gnu/libnss_nis-2.15.so
7f75e2f8b000-7f75e2f8c000 rw-p 0000b000 07:00 1050821                    /lib/x86_64-linux-gnu/libnss_nis-2.15.so
7f75e2f8c000-7f75e2fa3000 r-xp 00000000 07:00 1059893                    /lib/x86_64-linux-gnu/libnsl-2.15.so
7f75e2fa3000-7f75e31a2000 ---p 00017000 07:00 1059893                    /lib/x86_64-linux-gnu/libnsl-2.15.so
7f75e31a2000-7f75e31a3000 r--p 00016000 07:00 1059893                    /lib/x86_64-linux-gnu/libnsl-2.15.so
7f75e31a3000-7f75e31a4000 rw-p 00017000 07:00 1059893                    /lib/x86_64-linux-gnu/libnsl-2.15.so
7f75e31a4000-7f75e31a6000 rw-p 00000000 00:00 0 
7f75e31a6000-7f75e31ae000 r-xp 00000000 07:00 1059894                    /lib/x86_64-linux-gnu/libnss_compat-2.15.so
7f75e31ae000-7f75e33ad000 ---p 00008000 07:00 1059894                    /lib/x86_64-linux-gnu/libnss_compat-2.15.so
7f75e33ad000-7f75e33ae000 r--p 00007000 07:00 1059894                    /lib/x86_64-linux-gnu/libnss_compat-2.15.so
7f75e33ae000-7f75e33af000 rw-p 00008000 07:00 1059894                    /lib/x86_64-linux-gnu/libnss_compat-2.15.so
7f75e33af000-7f75e33d8000 r-xp 00000000 07:00 264772                     /usr/lib/jvm/java-7-oracle/jre/lib/amd64/libjava.so
7f75e33d8000-7f75e35d8000 ---p 00029000 07:00 264772                     /usr/lib/jvm/java-7-oracle/jre/lib/amd64/libjava.so
7f75e35d8000-7f75e35da000 rw-p 00029000 07:00 264772                     /usr/lib/jvm/java-7-oracle/jre/lib/amd64/libjava.so
7f75e35da000-7f75e35e7000 r-xp 00000000 07:00 264744                     /usr/lib/jvm/java-7-oracle/jre/lib/amd64/libverify.so
7f75e35e7000-7f75e37e6000 ---p 0000d000 07:00 264744                     /usr/lib/jvm/java-7-oracle/jre/lib/amd64/libverify.so
7f75e37e6000-7f75e37e8000 rw-p 0000c000 07:00 264744                     /usr/lib/jvm/java-7-oracle/jre/lib/amd64/libverify.so
7f75e37e8000-7f75e37ef000 r-xp 00000000 07:00 1059575                    /lib/x86_64-linux-gnu/librt-2.15.so
7f75e37ef000-7f75e39ee000 ---p 00007000 07:00 1059575                    /lib/x86_64-linux-gnu/librt-2.15.so
7f75e39ee000-7f75e39ef000 r--p 00006000 07:00 1059575                    /lib/x86_64-linux-gnu/librt-2.15.so
7f75e39ef000-7f75e39f0000 rw-p 00007000 07:00 1059575                    /lib/x86_64-linux-gnu/librt-2.15.so
7f75e39f0000-7f75e3aeb000 r-xp 00000000 07:00 1051818                    /lib/x86_64-linux-gnu/libm-2.15.so
7f75e3aeb000-7f75e3cea000 ---p 000fb000 07:00 1051818                    /lib/x86_64-linux-gnu/libm-2.15.so
7f75e3cea000-7f75e3ceb000 r--p 000fa000 07:00 1051818                    /lib/x86_64-linux-gnu/libm-2.15.so
7f75e3ceb000-7f75e3cec000 rw-p 000fb000 07:00 1051818                    /lib/x86_64-linux-gnu/libm-2.15.so
7f75e3cec000-7f75e4862000 r-xp 00000000 07:00 264752                     /usr/lib/jvm/java-7-oracle/jre/lib/amd64/server/libjvm.so
7f75e4862000-7f75e4a61000 ---p 00b76000 07:00 264752                     /usr/lib/jvm/java-7-oracle/jre/lib/amd64/server/libjvm.so
7f75e4a61000-7f75e4b25000 rw-p 00b75000 07:00 264752                     /usr/lib/jvm/java-7-oracle/jre/lib/amd64/server/libjvm.so
7f75e4b25000-7f75e4b66000 rw-p 00000000 00:00 0 
7f75e4b66000-7f75e4d1a000 r-xp 00000000 07:00 1059890                    /lib/x86_64-linux-gnu/libc-2.15.so
7f75e4d1a000-7f75e4f19000 ---p 001b4000 07:00 1059890                    /lib/x86_64-linux-gnu/libc-2.15.so
7f75e4f19000-7f75e4f1d000 r--p 001b3000 07:00 1059890                    /lib/x86_64-linux-gnu/libc-2.15.so
7f75e4f1d000-7f75e4f1f000 rw-p 001b7000 07:00 1059890                    /lib/x86_64-linux-gnu/libc-2.15.so
7f75e4f1f000-7f75e4f24000 rw-p 00000000 00:00 0 
7f75e4f24000-7f75e4f26000 r-xp 00000000 07:00 1059907                    /lib/x86_64-linux-gnu/libdl-2.15.so
7f75e4f26000-7f75e5126000 ---p 00002000 07:00 1059907                    /lib/x86_64-linux-gnu/libdl-2.15.so
7f75e5126000-7f75e5127000 r--p 00002000 07:00 1059907                    /lib/x86_64-linux-gnu/libdl-2.15.so
7f75e5127000-7f75e5128000 rw-p 00003000 07:00 1059907                    /lib/x86_64-linux-gnu/libdl-2.15.so
7f75e5128000-7f75e513d000 r-xp 00000000 07:00 264106                     /usr/lib/jvm/java-7-oracle/lib/amd64/jli/libjli.so
7f75e513d000-7f75e533c000 ---p 00015000 07:00 264106                     /usr/lib/jvm/java-7-oracle/lib/amd64/jli/libjli.so
7f75e533c000-7f75e533d000 rw-p 00014000 07:00 264106                     /usr/lib/jvm/java-7-oracle/lib/amd64/jli/libjli.so
7f75e533d000-7f75e5355000 r-xp 00000000 07:00 1058418                    /lib/x86_64-linux-gnu/libpthread-2.15.so
7f75e5355000-7f75e5554000 ---p 00018000 07:00 1058418                    /lib/x86_64-linux-gnu/libpthread-2.15.so
7f75e5554000-7f75e5555000 r--p 00017000 07:00 1058418                    /lib/x86_64-linux-gnu/libpthread-2.15.so
7f75e5555000-7f75e5556000 rw-p 00018000 07:00 1058418                    /lib/x86_64-linux-gnu/libpthread-2.15.so
7f75e5556000-7f75e555a000 rw-p 00000000 00:00 0 
7f75e555a000-7f75e557c000 r-xp 00000000 07:00 1058973                    /lib/x86_64-linux-gnu/ld-2.15.so
7f75e557d000-7f75e558c000 r--s 000dd000 07:00 523746                     /home/maciej/Android/Sdk/build-tools/22.0.1/lib/dx.jar
7f75e558c000-7f75e55ac000 rw-p 00000000 00:00 0 
7f75e55ac000-7f75e5662000 rw-p 00000000 00:00 0 
7f75e5662000-7f75e5665000 ---p 00000000 00:00 0 
7f75e5665000-7f75e5767000 rw-p 00000000 00:00 0 
7f75e576b000-7f75e576c000 rw-p 00000000 00:00 0 
7f75e576c000-7f75e5770000 r--s 0008b000 07:00 264876                     /usr/lib/jvm/java-7-oracle/jre/lib/jsse.jar
7f75e5770000-7f75e5778000 rw-s 00000000 07:00 292579                     /tmp/hsperfdata_maciej/6629
7f75e5778000-7f75e5779000 rw-p 00000000 00:00 0 
7f75e5779000-7f75e577a000 ---p 00000000 00:00 0 
7f75e577a000-7f75e577c000 rw-p 00000000 00:00 0 
7f75e577c000-7f75e577d000 r--p 00022000 07:00 1058973                    /lib/x86_64-linux-gnu/ld-2.15.so
7f75e577d000-7f75e577f000 rw-p 00023000 07:00 1058973                    /lib/x86_64-linux-gnu/ld-2.15.so
7ffd28852000-7ffd28874000 rw-p 00000000 00:00 0                          [stack]
7ffd2895b000-7ffd2895c000 r-xp 00000000 00:00 0                          [vdso]
ffffffffff600000-ffffffffff601000 r-xp 00000000 00:00 0                  [vsyscall]

VM Arguments:
jvm_args: -Xmx1024M -Dfile.encoding=UTF-8 -Duser.country=PL -Duser.language=pl -Duser.variant 
java_command: com.android.dx.command.Main --dex --output /home/maciej/Pulpit/EvenTAG-app/app/build/intermediates/dex/debug /home/maciej/Pulpit/EvenTAG-app/app/build/intermediates/classes/debug /home/maciej/Pulpit/EvenTAG-app/app/build/intermediates/pre-dexed/debug/classes-713d33673eedd35155923debfd7ed7d47c53108e.jar /home/maciej/Pulpit/EvenTAG-app/app/build/intermediates/pre-dexed/debug/support-annotations-22.0.0-97bbd3db5550e65d3c6fa6b1dfdc798bd67e1c97.jar /home/maciej/Pulpit/EvenTAG-app/app/build/intermediates/pre-dexed/debug/classes-1d18fa6f05c607979793b597b4b3cdbb32e4412a.jar /home/maciej/Pulpit/EvenTAG-app/app/build/intermediates/pre-dexed/debug/classes-8cb409ad70168e8faf546491db88584b1219a874.jar /home/maciej/Pulpit/EvenTAG-app/app/build/intermediates/pre-dexed/debug/classes-3db5f889c939da0c98eee8b000ab342e999ff2bf.jar /home/maciej/Pulpit/EvenTAG-app/app/build/intermediates/pre-dexed/debug/classes-eea05f9b5c80f8640be636e8eb38d32ba6ffae91.jar /home/maciej/Pulpit/EvenTAG-app/app/build/intermediates/pre-dexed/debug/classes-b6ef3313f99bc698ef1090d57a0798e04e32ccd6.jar /home/maciej/Pulpit/EvenTAG-app/app/build/intermediates/pre-dexed/debug/classes-2b6241c1569460e975d8876fe6a084da33d25b38.jar /home/maciej/Pulpit/EvenTAG-app/app/build/intermediates/pre-dexed/debug/classes-ab29a56c699f977ad1b502e889e4e120339c4c6d.jar /home/maciej/Pulpit/EvenTAG-app/app/build/intermediates/pre-dexed/debug/classes-dc6621c7600248c7bcaaa2136af20bde9cdd1c1e.jar /home/maciej/Pulpit/EvenTAG-app/app/build/intermediates/pre-dexed/debug/classes-05496b896f9c5236357418030cd7ba68f4a36845.jar /home/maciej/Pulpit/EvenTAG-app/app/build/intermediates/pre-dexed/debug/classes-aee63041961a16c9052f657073f8dc29f34a729d.jar /home/maciej/Pulpit/EvenTAG-app/app/build/intermediates/pre-dexed/debug/classes-cda812bce106b8d2be020e35c7a5a073f84f086e.jar /home/maciej/Pulpit/EvenTAG-app/app/build/intermediates/pre-dexed/debug/picasso-2.5.2-86165694929af96794622e1b3528cf4a7691dff5.jar /home/maciej/Pulpit/EvenTAG-ap
Launcher Type: SUN_STANDARD

Environment Variables:
JAVA_HOME=/usr/lib/jvm/java-7-oracle
PATH=/usr/lib/lightdm/lightdm:/usr/local/sbin:/usr/local/bin:/usr/sbin:/usr/bin:/sbin:/bin:/usr/games:/usr/lib/jvm/java-7-oracle/bin:/usr/lib/jvm/java-7-oracle/db/bin:/usr/lib/jvm/java-7-oracle/jre/bin
LD_LIBRARY_PATH=/opt/android-studio/bin:
SHELL=/bin/bash
DISPLAY=:0

Signal Handlers:
SIGSEGV: [libjvm.so+0x9a3b20], sa_mask[0]=0x7ffbfeff, sa_flags=0x10000004
SIGBUS: [libjvm.so+0x9a3b20], sa_mask[0]=0x7ffbfeff, sa_flags=0x10000004
SIGFPE: [libjvm.so+0x81e740], sa_mask[0]=0x7ffbfeff, sa_flags=0x10000004
SIGPIPE: [libjvm.so+0x81e740], sa_mask[0]=0x7ffbfeff, sa_flags=0x10000004
SIGXFSZ: [libjvm.so+0x81e740], sa_mask[0]=0x7ffbfeff, sa_flags=0x10000004
SIGILL: [libjvm.so+0x81e740], sa_mask[0]=0x7ffbfeff, sa_flags=0x10000004
SIGUSR1: SIG_DFL, sa_mask[0]=0x00000000, sa_flags=0x00000000
SIGUSR2: [libjvm.so+0x81ffb0], sa_mask[0]=0x00000004, sa_flags=0x10000004
SIGHUP: [libjvm.so+0x8210d0], sa_mask[0]=0x7ffbfeff, sa_flags=0x10000004
SIGINT: [libjvm.so+0x8210d0], sa_mask[0]=0x7ffbfeff, sa_flags=0x10000004
SIGTERM: [libjvm.so+0x8210d0], sa_mask[0]=0x7ffbfeff, sa_flags=0x10000004
SIGQUIT: [libjvm.so+0x8210d0], sa_mask[0]=0x7ffbfeff, sa_flags=0x10000004


---------------  S Y S T E M  ---------------

OS:wheezy/sid

uname:Linux 3.2.0-86-generic #124-Ubuntu SMP Wed Jun 17 21:40:14 UTC 2015 x86_64
libc:glibc 2.15 NPTL 2.15 
rlimit: STACK 8192k, CORE 0k, NPROC 29752, NOFILE 4096, AS infinity
load average:12,49 4,50 2,57

/proc/meminfo:
MemTotal:        3825920 kB
MemFree:           97344 kB
Buffers:           18436 kB
Cached:           325588 kB
SwapCached:        19608 kB
Active:          2548780 kB
Inactive:         991496 kB
Active(anon):    2543168 kB
Inactive(anon):   956000 kB
Active(file):       5612 kB
Inactive(file):    35496 kB
Unevictable:        2740 kB
Mlocked:              68 kB
SwapTotal:        262136 kB
SwapFree:              0 kB
Dirty:                60 kB
Writeback:             0 kB
AnonPages:       3179744 kB
Mapped:           110216 kB
Shmem:            299964 kB
Slab:              63892 kB
SReclaimable:      28808 kB
SUnreclaim:        35084 kB
KernelStack:        5360 kB
PageTables:        40000 kB
NFS_Unstable:          0 kB
Bounce:                0 kB
WritebackTmp:          0 kB
CommitLimit:     2175096 kB
Committed_AS:    7208256 kB
VmallocTotal:   34359738367 kB
VmallocUsed:      359508 kB
VmallocChunk:   34359375324 kB
HardwareCorrupted:     0 kB
AnonHugePages:         0 kB
HugePages_Total:       0
HugePages_Free:        0
HugePages_Rsvd:        0
HugePages_Surp:        0
Hugepagesize:       2048 kB
DirectMap4k:       77824 kB
DirectMap2M:     4024320 kB


CPU:total 4 (2 cores per cpu, 2 threads per core) family 6 model 58 stepping 9, cmov, cx8, fxsr, mmx, sse, sse2, sse3, ssse3, sse4.1, sse4.2, popcnt, avx, aes, erms, ht, tsc, tscinvbit, tscinv

/proc/cpuinfo:
processor	: 0
vendor_id	: GenuineIntel
cpu family	: 6
model		: 58
model name	: Intel(R) Core(TM) i5-3210M CPU @ 2.50GHz
stepping	: 9
microcode	: 0x10
cpu MHz		: 1900.000
cache size	: 3072 KB
physical id	: 0
siblings	: 4
core id		: 0
cpu cores	: 2
apicid		: 0
initial apicid	: 0
fpu		: yes
fpu_exception	: yes
cpuid level	: 13
wp		: yes
flags		: fpu vme de pse tsc msr pae mce cx8 apic sep mtrr pge mca cmov pat pse36 clflush dts acpi mmx fxsr sse sse2 ss ht tm pbe syscall nx rdtscp lm constant_tsc arch_perfmon pebs bts rep_good nopl xtopology nonstop_tsc aperfmperf pni pclmulqdq dtes64 monitor ds_cpl vmx est tm2 ssse3 cx16 xtpr pdcm pcid sse4_1 sse4_2 x2apic popcnt tsc_deadline_timer aes xsave avx f16c rdrand lahf_lm ida arat epb xsaveopt pln pts dtherm tpr_shadow vnmi flexpriority ept vpid fsgsbase smep erms
bogomips	: 4988.46
clflush size	: 64
cache_alignment	: 64
address sizes	: 36 bits physical, 48 bits virtual
power management:

processor	: 1
vendor_id	: GenuineIntel
cpu family	: 6
model		: 58
model name	: Intel(R) Core(TM) i5-3210M CPU @ 2.50GHz
stepping	: 9
microcode	: 0x10
cpu MHz		: 2400.000
cache size	: 3072 KB
physical id	: 0
siblings	: 4
core id		: 0
cpu cores	: 2
apicid		: 1
initial apicid	: 1
fpu		: yes
fpu_exception	: yes
cpuid level	: 13
wp		: yes
flags		: fpu vme de pse tsc msr pae mce cx8 apic sep mtrr pge mca cmov pat pse36 clflush dts acpi mmx fxsr sse sse2 ss ht tm pbe syscall nx rdtscp lm constant_tsc arch_perfmon pebs bts rep_good nopl xtopology nonstop_tsc aperfmperf pni pclmulqdq dtes64 monitor ds_cpl vmx est tm2 ssse3 cx16 xtpr pdcm pcid sse4_1 sse4_2 x2apic popcnt tsc_deadline_timer aes xsave avx f16c rdrand lahf_lm ida arat epb xsaveopt pln pts dtherm tpr_shadow vnmi flexpriority ept vpid fsgsbase smep erms
bogomips	: 4988.42
clflush size	: 64
cache_alignment	: 64
address sizes	: 36 bits physical, 48 bits virtual
power management:

processor	: 2
vendor_id	: GenuineIntel
cpu family	: 6
model		: 58
model name	: Intel(R) Core(TM) i5-3210M CPU @ 2.50GHz
stepping	: 9
microcode	: 0x10
cpu MHz		: 2501.000
cache size	: 3072 KB
physical id	: 0
siblings	: 4
core id		: 1
cpu cores	: 2
apicid		: 2
initial apicid	: 2
fpu		: yes
fpu_exception	: yes
cpuid level	: 13
wp		: yes
flags		: fpu vme de pse tsc msr pae mce cx8 apic sep mtrr pge mca cmov pat pse36 clflush dts acpi mmx fxsr sse sse2 ss ht tm pbe syscall nx rdtscp lm constant_tsc arch_perfmon pebs bts rep_good nopl xtopology nonstop_tsc aperfmperf pni pclmulqdq dtes64 monitor ds_cpl vmx est tm2 ssse3 cx16 xtpr pdcm pcid sse4_1 sse4_2 x2apic popcnt tsc_deadline_timer aes xsave avx f16c rdrand lahf_lm ida arat epb xsaveopt pln pts dtherm tpr_shadow vnmi flexpriority ept vpid fsgsbase smep erms
bogomips	: 4988.44
clflush size	: 64
cache_alignment	: 64
address sizes	: 36 bits physical, 48 bits virtual
power management:

processor	: 3
vendor_id	: GenuineIntel
cpu family	: 6
model		: 58
model name	: Intel(R) Core(TM) i5-3210M CPU @ 2.50GHz
stepping	: 9
microcode	: 0x10
cpu MHz		: 2501.000
cache size	: 3072 KB
physical id	: 0
siblings	: 4
core id		: 1
cpu cores	: 2
apicid		: 3
initial apicid	: 3
fpu		: yes
fpu_exception	: yes
cpuid level	: 13
wp		: yes
flags		: fpu vme de pse tsc msr pae mce cx8 apic sep mtrr pge mca cmov pat pse36 clflush dts acpi mmx fxsr sse sse2 ss ht tm pbe syscall nx rdtscp lm constant_tsc arch_perfmon pebs bts rep_good nopl xtopology nonstop_tsc aperfmperf pni pclmulqdq dtes64 monitor ds_cpl vmx est tm2 ssse3 cx16 xtpr pdcm pcid sse4_1 sse4_2 x2apic popcnt tsc_deadline_timer aes xsave avx f16c rdrand lahf_lm ida arat epb xsaveopt pln pts dtherm tpr_shadow vnmi flexpriority ept vpid fsgsbase smep erms
bogomips	: 4988.43
clflush size	: 64
cache_alignment	: 64
address sizes	: 36 bits physical, 48 bits virtual
power management:



Memory: 4k page, physical 3825920k(87920k free), swap 262136k(0k free)

vm_info: Java HotSpot(TM) 64-Bit Server VM (24.80-b11) for linux-amd64 JRE (1.7.0_80-b15), built on Apr 10 2015 19:53:14 by "java_re" with gcc 4.3.0 20080428 (Red Hat 4.3.0-8)

time: Wed Jun 24 19:01:50 2015
elapsed time: 58 seconds

