#
# There is insufficient memory for the Java Runtime Environment to continue.
# Native memory allocation (malloc) failed to allocate 120586240 bytes for committing reserved memory.
# Possible reasons:
#   The system is out of physical RAM or swap space
#   In 32 bit mode, the process size limit was hit
# Possible solutions:
#   Reduce memory load on the system
#   Increase physical memory or swap space
#   Check if swap backing store is full
#   Use 64 bit Java on a 64 bit OS
#   Decrease Java heap size (-Xmx/-Xms)
#   Decrease number of Java threads
#   Decrease Java thread stack sizes (-Xss)
#   Set larger code cache with -XX:ReservedCodeCacheSize=
# This output file may be truncated or incomplete.
#
#  Out of Memory Error (os_linux.cpp:2809), pid=12282, tid=140652392208128
#
# JRE version: OpenJDK Runtime Environment (7.0_79-b14) (build 1.7.0_79-b14)
# Java VM: OpenJDK 64-Bit Server VM (24.79-b02 mixed mode linux-amd64 compressed oops)
# Derivative: IcedTea 2.5.6
# Distribution: Ubuntu 15.04, package 7u79-2.5.6-0ubuntu1.15.04.1
# Failed to write core dump. Core dumps have been disabled. To enable core dumping, try "ulimit -c unlimited" before starting Java again
#

---------------  T H R E A D  ---------------

Current thread (0x00007fec3c077800):  VMThread [stack: 0x00007fec2fcfd000,0x00007fec2fdfe000] [id=12292]

Stack: [0x00007fec2fcfd000,0x00007fec2fdfe000],  sp=0x00007fec2fdfc4e0,  free space=1021k
Native frames: (J=compiled Java code, j=interpreted, Vv=VM code, C=native code)
V  [libjvm.so+0x98a166]  VMError::report_and_die()+0x186
V  [libjvm.so+0x48f932]  report_vm_out_of_memory(char const*, int, unsigned long, char const*)+0x92
V  [libjvm.so+0x7fd56b]  os::pd_commit_memory(char*, unsigned long, unsigned long, bool)+0xeb
V  [libjvm.so+0x7f7c4e]  os::commit_memory(char*, unsigned long, unsigned long, bool)+0x2e
V  [libjvm.so+0x86a56b]  PSVirtualSpace::expand_by(unsigned long)+0x5b
V  [libjvm.so+0x86b413]  PSYoungGen::resize_generation(unsigned long, unsigned long)+0xd3
V  [libjvm.so+0x86bb2b]  PSYoungGen::resize(unsigned long, unsigned long)+0x1b
V  [libjvm.so+0x867539]  PSScavenge::invoke_no_policy()+0xdc9
V  [libjvm.so+0x867d18]  PSScavenge::invoke()+0x38
V  [libjvm.so+0x81fb73]  ParallelScavengeHeap::failed_mem_allocate(unsigned long)+0x63
V  [libjvm.so+0x98ba32]  VM_ParallelGCFailedAllocation::doit()+0x92
V  [libjvm.so+0x9902e7]  VM_Operation::evaluate()+0x47
V  [libjvm.so+0x98e8cb]  VMThread::evaluate_operation(VM_Operation*)+0xab
V  [libjvm.so+0x98ef76]  VMThread::loop()+0x1e6
V  [libjvm.so+0x98f441]  VMThread::run()+0x81
V  [libjvm.so+0x7fa492]  java_start(Thread*)+0xf2

VM_Operation (0x00007fec42648460): ParallelGCFailedAllocation, mode: safepoint, requested by thread 0x00007fec3c00c000


---------------  P R O C E S S  ---------------

Java Threads: ( => current thread )
  0x00007fec3c0b1000 JavaThread "Service Thread" daemon [_thread_blocked, id=12298, stack(0x00007fec2eee4000,0x00007fec2efe5000)]
  0x00007fec3c0ae800 JavaThread "C2 CompilerThread1" daemon [_thread_blocked, id=12297, stack(0x00007fec2efe5000,0x00007fec2f0e6000)]
  0x00007fec3c0ab800 JavaThread "C2 CompilerThread0" daemon [_thread_blocked, id=12296, stack(0x00007fec2f0e6000,0x00007fec2f1e7000)]
  0x00007fec3c0a9800 JavaThread "Signal Dispatcher" daemon [_thread_blocked, id=12295, stack(0x00007fec2f1e7000,0x00007fec2f2e8000)]
  0x00007fec3c07e000 JavaThread "Finalizer" daemon [_thread_blocked, id=12294, stack(0x00007fec2fafb000,0x00007fec2fbfc000)]
  0x00007fec3c07c000 JavaThread "Reference Handler" daemon [_thread_blocked, id=12293, stack(0x00007fec2fbfc000,0x00007fec2fcfd000)]
  0x00007fec3c00c000 JavaThread "main" [_thread_blocked, id=12287, stack(0x00007fec42549000,0x00007fec4264a000)]

Other Threads:
=>0x00007fec3c077800 VMThread [stack: 0x00007fec2fcfd000,0x00007fec2fdfe000] [id=12292]
  0x00007fec3c0bc000 WatcherThread [stack: 0x00007fec2ede3000,0x00007fec2eee4000] [id=12299]

VM state:at safepoint (normal execution)

VM Mutex/Monitor currently owned by a thread:  ([mutex/lock_event])
[0x00007fec3c0084f0] Threads_lock - owner thread: 0x00007fec3c077800
[0x00007fec3c0089f0] Heap_lock - owner thread: 0x00007fec3c00c000

Heap
 PSYoungGen      total 215040K, used 15450K [0x00000000eaa80000, 0x00000000f8d00000, 0x0000000100000000)
  eden space 199168K, 0% used [0x00000000eaa80000,0x00000000eaa80000,0x00000000f6d00000)
  from space 15872K, 97% used [0x00000000f6d00000,0x00000000f7c16948,0x00000000f7c80000)
  to   space 14848K, 0% used [0x00000000f7c80000,0x00000000f7c80000,0x00000000f8b00000)
 ParOldGen       total 46080K, used 42837K [0x00000000c0000000, 0x00000000c2d00000, 0x00000000eaa80000)
  object space 46080K, 92% used [0x00000000c0000000,0x00000000c29d5668,0x00000000c2d00000)
 PSPermGen       total 21504K, used 7629K [0x00000000b5a00000, 0x00000000b6f00000, 0x00000000c0000000)
  object space 21504K, 35% used [0x00000000b5a00000,0x00000000b6173580,0x00000000b6f00000)

Card table byte_map: [0x00007fec37d1e000,0x00007fec37f72000] byte_map_base: 0x00007fec37771000

Polling page: 0x00007fec4266e000

Code Cache  [0x00007fec37f72000, 0x00007fec381e2000, 0x00007fec3af72000)
 total_blobs=1059 nmethods=806 adapters=206 free_code_cache=46864Kb largest_free_block=47945856

Compilation events (10 events):
Event: 5,427 Thread 0x00007fec3c0ae800 nmethod 815 0x00007fec381b4e50 code [0x00007fec381b4fc0, 0x00007fec381b51d8]
Event: 5,427 Thread 0x00007fec3c0ae800  818             com.android.dx.io.instructions.DecodedInstruction::getAUnit (46 bytes)
Event: 5,427 Thread 0x00007fec3c0ab800 nmethod 817 0x00007fec381b3210 code [0x00007fec381b3340, 0x00007fec381b3398]
Event: 5,427 Thread 0x00007fec3c0ab800  819             com.android.dx.io.instructions.RegisterRangeDecodedInstruction::getA (5 bytes)
Event: 5,427 Thread 0x00007fec3c0ab800 nmethod 819 0x00007fec3813acd0 code [0x00007fec3813ae00, 0x00007fec3813ae58]
Event: 5,428 Thread 0x00007fec3c0ae800 nmethod 818 0x00007fec3813aa50 code [0x00007fec3813aba0, 0x00007fec3813ac38]
Event: 5,472 Thread 0x00007fec3c0ab800  820             java.nio.Buffer::hasRemaining (17 bytes)
Event: 5,472 Thread 0x00007fec3c0ab800 nmethod 820 0x00007fec381b4990 code [0x00007fec381b4ac0, 0x00007fec381b4b18]
Event: 5,501 Thread 0x00007fec3c0ae800  821             com.android.dex.EncodedValueReader::readMethod (24 bytes)
Event: 5,510 Thread 0x00007fec3c0ae800 nmethod 821 0x00007fec381b3fd0 code [0x00007fec381b4160, 0x00007fec381b4578]

GC Heap History (10 events):
Event: 4,114 GC heap after
Heap after GC invocations=6 (full 0):
 PSYoungGen      total 74240K, used 8624K [0x00000000eaa80000, 0x00000000eff80000, 0x0000000100000000)
  eden space 62976K, 0% used [0x00000000eaa80000,0x00000000eaa80000,0x00000000ee800000)
  from space 11264K, 76% used [0x00000000ef380000,0x00000000efbec270,0x00000000efe80000)
  to   space 11776K, 0% used [0x00000000ee800000,0x00000000ee800000,0x00000000ef380000)
 ParOldGen       total 39424K, used 23355K [0x00000000c0000000, 0x00000000c2680000, 0x00000000eaa80000)
  object space 39424K, 59% used [0x00000000c0000000,0x00000000c16cece0,0x00000000c2680000)
 PSPermGen       total 21504K, used 7491K [0x00000000b5a00000, 0x00000000b6f00000, 0x00000000c0000000)
  object space 21504K, 34% used [0x00000000b5a00000,0x00000000b6150fa8,0x00000000b6f00000)
}
Event: 4,450 GC heap before
{Heap before GC invocations=7 (full 0):
 PSYoungGen      total 74240K, used 71600K [0x00000000eaa80000, 0x00000000eff80000, 0x0000000100000000)
  eden space 62976K, 100% used [0x00000000eaa80000,0x00000000ee800000,0x00000000ee800000)
  from space 11264K, 76% used [0x00000000ef380000,0x00000000efbec270,0x00000000efe80000)
  to   space 11776K, 0% used [0x00000000ee800000,0x00000000ee800000,0x00000000ef380000)
 ParOldGen       total 39424K, used 23355K [0x00000000c0000000, 0x00000000c2680000, 0x00000000eaa80000)
  object space 39424K, 59% used [0x00000000c0000000,0x00000000c16cece0,0x00000000c2680000)
 PSPermGen       total 21504K, used 7602K [0x00000000b5a00000, 0x00000000b6f00000, 0x00000000c0000000)
  object space 21504K, 35% used [0x00000000b5a00000,0x00000000b616c828,0x00000000b6f00000)
Event: 4,463 GC heap after
Heap after GC invocations=7 (full 0):
 PSYoungGen      total 74752K, used 10211K [0x00000000eaa80000, 0x00000000f3e80000, 0x0000000100000000)
  eden space 62976K, 0% used [0x00000000eaa80000,0x00000000eaa80000,0x00000000ee800000)
  from space 11776K, 86% used [0x00000000ee800000,0x00000000ef1f8f08,0x00000000ef380000)
  to   space 12800K, 0% used [0x00000000f3200000,0x00000000f3200000,0x00000000f3e80000)
 ParOldGen       total 39424K, used 24325K [0x00000000c0000000, 0x00000000c2680000, 0x00000000eaa80000)
  object space 39424K, 61% used [0x00000000c0000000,0x00000000c17c1730,0x00000000c2680000)
 PSPermGen       total 21504K, used 7602K [0x00000000b5a00000, 0x00000000b6f00000, 0x00000000c0000000)
  object space 21504K, 35% used [0x00000000b5a00000,0x00000000b616c828,0x00000000b6f00000)
}
Event: 4,647 GC heap before
{Heap before GC invocations=8 (full 0):
 PSYoungGen      total 74752K, used 73187K [0x00000000eaa80000, 0x00000000f3e80000, 0x0000000100000000)
  eden space 62976K, 100% used [0x00000000eaa80000,0x00000000ee800000,0x00000000ee800000)
  from space 11776K, 86% used [0x00000000ee800000,0x00000000ef1f8f08,0x00000000ef380000)
  to   space 12800K, 0% used [0x00000000f3200000,0x00000000f3200000,0x00000000f3e80000)
 ParOldGen       total 39424K, used 24325K [0x00000000c0000000, 0x00000000c2680000, 0x00000000eaa80000)
  object space 39424K, 61% used [0x00000000c0000000,0x00000000c17c1730,0x00000000c2680000)
 PSPermGen       total 21504K, used 7610K [0x00000000b5a00000, 0x00000000b6f00000, 0x00000000c0000000)
  object space 21504K, 35% used [0x00000000b5a00000,0x00000000b616ea10,0x00000000b6f00000)
Event: 4,658 GC heap after
Heap after GC invocations=8 (full 0):
 PSYoungGen      total 137728K, used 10956K [0x00000000eaa80000, 0x00000000f4080000, 0x0000000100000000)
  eden space 124928K, 0% used [0x00000000eaa80000,0x00000000eaa80000,0x00000000f2480000)
  from space 12800K, 85% used [0x00000000f3200000,0x00000000f3cb33b8,0x00000000f3e80000)
  to   space 13824K, 0% used [0x00000000f2480000,0x00000000f2480000,0x00000000f3200000)
 ParOldGen       total 39424K, used 24933K [0x00000000c0000000, 0x00000000c2680000, 0x00000000eaa80000)
  object space 39424K, 63% used [0x00000000c0000000,0x00000000c1859538,0x00000000c2680000)
 PSPermGen       total 21504K, used 7610K [0x00000000b5a00000, 0x00000000b6f00000, 0x00000000c0000000)
  object space 21504K, 35% used [0x00000000b5a00000,0x00000000b616ea10,0x00000000b6f00000)
}
Event: 5,020 GC heap before
{Heap before GC invocations=9 (full 0):
 PSYoungGen      total 137728K, used 135884K [0x00000000eaa80000, 0x00000000f4080000, 0x0000000100000000)
  eden space 124928K, 100% used [0x00000000eaa80000,0x00000000f2480000,0x00000000f2480000)
  from space 12800K, 85% used [0x00000000f3200000,0x00000000f3cb33b8,0x00000000f3e80000)
  to   space 13824K, 0% used [0x00000000f2480000,0x00000000f2480000,0x00000000f3200000)
 ParOldGen       total 39424K, used 24933K [0x00000000c0000000, 0x00000000c2680000, 0x00000000eaa80000)
  object space 39424K, 63% used [0x00000000c0000000,0x00000000c1859538,0x00000000c2680000)
 PSPermGen       total 21504K, used 7622K [0x00000000b5a00000, 0x00000000b6f00000, 0x00000000c0000000)
  object space 21504K, 35% used [0x00000000b5a00000,0x00000000b61719a0,0x00000000b6f00000)
Event: 5,031 GC heap after
Heap after GC invocations=9 (full 0):
 PSYoungGen      total 138752K, used 12581K [0x00000000eaa80000, 0x00000000f8b00000, 0x0000000100000000)
  eden space 124928K, 0% used [0x00000000eaa80000,0x00000000eaa80000,0x00000000f2480000)
  from space 13824K, 91% used [0x00000000f2480000,0x00000000f30c9750,0x00000000f3200000)
  to   space 14848K, 0% used [0x00000000f7c80000,0x00000000f7c80000,0x00000000f8b00000)
 ParOldGen       total 39424K, used 25461K [0x00000000c0000000, 0x00000000c2680000, 0x00000000eaa80000)
  object space 39424K, 64% used [0x00000000c0000000,0x00000000c18dd538,0x00000000c2680000)
 PSPermGen       total 21504K, used 7622K [0x00000000b5a00000, 0x00000000b6f00000, 0x00000000c0000000)
  object space 21504K, 35% used [0x00000000b5a00000,0x00000000b61719a0,0x00000000b6f00000)
}
Event: 5,230 GC heap before
{Heap before GC invocations=10 (full 0):
 PSYoungGen      total 138752K, used 137509K [0x00000000eaa80000, 0x00000000f8b00000, 0x0000000100000000)
  eden space 124928K, 100% used [0x00000000eaa80000,0x00000000f2480000,0x00000000f2480000)
  from space 13824K, 91% used [0x00000000f2480000,0x00000000f30c9750,0x00000000f3200000)
  to   space 14848K, 0% used [0x00000000f7c80000,0x00000000f7c80000,0x00000000f8b00000)
 ParOldGen       total 39424K, used 25461K [0x00000000c0000000, 0x00000000c2680000, 0x00000000eaa80000)
  object space 39424K, 64% used [0x00000000c0000000,0x00000000c18dd538,0x00000000c2680000)
 PSPermGen       total 21504K, used 7624K [0x00000000b5a00000, 0x00000000b6f00000, 0x00000000c0000000)
  object space 21504K, 35% used [0x00000000b5a00000,0x00000000b61720f0,0x00000000b6f00000)
Event: 5,240 GC heap after
Heap after GC invocations=10 (full 0):
 PSYoungGen      total 214016K, used 13169K [0x00000000eaa80000, 0x00000000f8d00000, 0x0000000100000000)
  eden space 199168K, 0% used [0x00000000eaa80000,0x00000000eaa80000,0x00000000f6d00000)
  from space 14848K, 88% used [0x00000000f7c80000,0x00000000f895c630,0x00000000f8b00000)
  to   space 15872K, 0% used [0x00000000f6d00000,0x00000000f6d00000,0x00000000f7c80000)
 ParOldGen       total 39424K, used 30099K [0x00000000c0000000, 0x00000000c2680000, 0x00000000eaa80000)
  object space 39424K, 76% used [0x00000000c0000000,0x00000000c1d64cc8,0x00000000c2680000)
 PSPermGen       total 21504K, used 7624K [0x00000000b5a00000, 0x00000000b6f00000, 0x00000000c0000000)
  object space 21504K, 35% used [0x00000000b5a00000,0x00000000b61720f0,0x00000000b6f00000)
}
Event: 5,570 GC heap before
{Heap before GC invocations=11 (full 0):
 PSYoungGen      total 214016K, used 212337K [0x00000000eaa80000, 0x00000000f8d00000, 0x0000000100000000)
  eden space 199168K, 100% used [0x00000000eaa80000,0x00000000f6d00000,0x00000000f6d00000)
  from space 14848K, 88% used [0x00000000f7c80000,0x00000000f895c630,0x00000000f8b00000)
  to   space 15872K, 0% used [0x00000000f6d00000,0x00000000f6d00000,0x00000000f7c80000)
 ParOldGen       total 39424K, used 30099K [0x00000000c0000000, 0x00000000c2680000, 0x00000000eaa80000)
  object space 39424K, 76% used [0x00000000c0000000,0x00000000c1d64cc8,0x00000000c2680000)
 PSPermGen       total 21504K, used 7629K [0x00000000b5a00000, 0x00000000b6f00000, 0x00000000c0000000)
  object space 21504K, 35% used [0x00000000b5a00000,0x00000000b6173580,0x00000000b6f00000)

Deoptimization events (10 events):
Event: 4,246 Thread 0x00007fec3c00c000 Uncommon trap: reason=array_check action=maybe_recompile pc=0x00007fec3813b300 method=java.util.ComparableTimSort.binarySort([Ljava/lang/Object;III)V @ 193
Event: 4,272 Thread 0x00007fec3c00c000 Uncommon trap: reason=predicate action=maybe_recompile pc=0x00007fec38141618 method=java.util.TimSort.binarySort([Ljava/lang/Object;IIILjava/util/Comparator;)V @ 37
Event: 4,397 Thread 0x00007fec3c00c000 Uncommon trap: reason=array_check action=maybe_recompile pc=0x00007fec38167d5c method=java.util.ComparableTimSort.binarySort([Ljava/lang/Object;III)V @ 183
Event: 4,416 Thread 0x00007fec3c00c000 Uncommon trap: reason=array_check action=maybe_recompile pc=0x00007fec38029408 method=java.util.TimSort.binarySort([Ljava/lang/Object;IIILjava/util/Comparator;)V @ 193
Event: 4,416 Thread 0x00007fec3c00c000 Uncommon trap: reason=array_check action=maybe_recompile pc=0x00007fec3802930c method=java.util.TimSort.binarySort([Ljava/lang/Object;IIILjava/util/Comparator;)V @ 215
Event: 4,416 Thread 0x00007fec3c00c000 Uncommon trap: reason=array_check action=maybe_recompile pc=0x00007fec38029408 method=java.util.TimSort.binarySort([Ljava/lang/Object;IIILjava/util/Comparator;)V @ 193
Event: 4,416 Thread 0x00007fec3c00c000 Uncommon trap: reason=array_check action=maybe_recompile pc=0x00007fec3802930c method=java.util.TimSort.binarySort([Ljava/lang/Object;IIILjava/util/Comparator;)V @ 215
Event: 4,501 Thread 0x00007fec3c00c000 Uncommon trap: reason=array_check action=maybe_recompile pc=0x00007fec38086944 method=java.util.TimSort.binarySort([Ljava/lang/Object;IIILjava/util/Comparator;)V @ 183
Event: 4,531 Thread 0x00007fec3c00c000 Uncommon trap: reason=array_check action=maybe_recompile pc=0x00007fec38167d5c method=java.util.ComparableTimSort.binarySort([Ljava/lang/Object;III)V @ 183
Event: 4,598 Thread 0x00007fec3c00c000 Uncommon trap: reason=array_check action=maybe_recompile pc=0x00007fec38086944 method=java.util.TimSort.binarySort([Ljava/lang/Object;IIILjava/util/Comparator;)V @ 183

Internal exceptions (10 events):
Event: 3,435 Thread 0x00007fec3c00c000 Threw 0x00000000eb766a50 at /build/openjdk-7-yI9zWD/openjdk-7-7u79-2.5.6/build/openjdk/hotspot/src/share/vm/prims/jvm.cpp:1284
Event: 3,437 Thread 0x00007fec3c00c000 Threw 0x00000000eb7ae540 at /build/openjdk-7-yI9zWD/openjdk-7-7u79-2.5.6/build/openjdk/hotspot/src/share/vm/prims/jvm.cpp:1284
Event: 3,438 Thread 0x00007fec3c00c000 Threw 0x00000000eb7b10e8 at /build/openjdk-7-yI9zWD/openjdk-7-7u79-2.5.6/build/openjdk/hotspot/src/share/vm/prims/jvm.cpp:1284
Event: 3,523 Thread 0x00007fec3c00c000 Threw 0x00000000eb8a0df0 at /build/openjdk-7-yI9zWD/openjdk-7-7u79-2.5.6/build/openjdk/hotspot/src/share/vm/prims/jvm.cpp:1284
Event: 3,523 Thread 0x00007fec3c00c000 Threw 0x00000000eb8a0f18 at /build/openjdk-7-yI9zWD/openjdk-7-7u79-2.5.6/build/openjdk/hotspot/src/share/vm/prims/jvm.cpp:1284
Event: 3,523 Thread 0x00007fec3c00c000 Threw 0x00000000eb8a35c8 at /build/openjdk-7-yI9zWD/openjdk-7-7u79-2.5.6/build/openjdk/hotspot/src/share/vm/prims/jvm.cpp:1284
Event: 3,523 Thread 0x00007fec3c00c000 Threw 0x00000000eb8a36f0 at /build/openjdk-7-yI9zWD/openjdk-7-7u79-2.5.6/build/openjdk/hotspot/src/share/vm/prims/jvm.cpp:1284
Event: 3,523 Thread 0x00007fec3c00c000 Threw 0x00000000eb8a40f0 at /build/openjdk-7-yI9zWD/openjdk-7-7u79-2.5.6/build/openjdk/hotspot/src/share/vm/prims/jvm.cpp:1284
Event: 3,523 Thread 0x00007fec3c00c000 Threw 0x00000000eb8a4218 at /build/openjdk-7-yI9zWD/openjdk-7-7u79-2.5.6/build/openjdk/hotspot/src/share/vm/prims/jvm.cpp:1284
Event: 3,885 Thread 0x00007fec3c00c000 Threw 0x00000000eae1a9f8 at /build/openjdk-7-yI9zWD/openjdk-7-7u79-2.5.6/build/openjdk/hotspot/src/share/vm/prims/jvm.cpp:1284

Events (10 events):
Event: 4,647 Executing VM operation: ParallelGCFailedAllocation
Event: 4,658 Executing VM operation: ParallelGCFailedAllocation done
Event: 4,759 Thread 0x00007fec3c0ab800 flushing nmethod 0x00007fec38137750
Event: 5,020 Executing VM operation: ParallelGCFailedAllocation
Event: 5,031 Executing VM operation: ParallelGCFailedAllocation done
Event: 5,100 Thread 0x00007fec3c0ab800 flushing nmethod 0x00007fec3813aa10
Event: 5,100 Thread 0x00007fec3c0ab800 flushing nmethod 0x00007fec38141410
Event: 5,230 Executing VM operation: ParallelGCFailedAllocation
Event: 5,240 Executing VM operation: ParallelGCFailedAllocation done
Event: 5,570 Executing VM operation: ParallelGCFailedAllocation


Dynamic libraries:
00400000-00401000 r-xp 00000000 08:03 2764590                            /usr/lib/jvm/java-7-openjdk-amd64/jre/bin/java
00600000-00601000 r--p 00000000 08:03 2764590                            /usr/lib/jvm/java-7-openjdk-amd64/jre/bin/java
00601000-00602000 rw-p 00001000 08:03 2764590                            /usr/lib/jvm/java-7-openjdk-amd64/jre/bin/java
007a3000-007c4000 rw-p 00000000 00:00 0                                  [heap]
b5a00000-b6f00000 rw-p 00000000 00:00 0 
b6f00000-c0000000 rw-p 00000000 00:00 0 
c0000000-c2d00000 rw-p 00000000 00:00 0 
c2d00000-eaa80000 rw-p 00000000 00:00 0 
eaa80000-f8d00000 rw-p 00000000 00:00 0 
7febf8000000-7febf8021000 rw-p 00000000 00:00 0 
7febf8021000-7febfc000000 ---p 00000000 00:00 0 
7fec00000000-7fec00a9a000 rw-p 00000000 00:00 0 
7fec00a9a000-7fec04000000 ---p 00000000 00:00 0 
7fec04000000-7fec04021000 rw-p 00000000 00:00 0 
7fec04021000-7fec08000000 ---p 00000000 00:00 0 
7fec08000000-7fec08021000 rw-p 00000000 00:00 0 
7fec08021000-7fec0c000000 ---p 00000000 00:00 0 
7fec0c000000-7fec0cb06000 rw-p 00000000 00:00 0 
7fec0cb06000-7fec10000000 ---p 00000000 00:00 0 
7fec10000000-7fec10021000 rw-p 00000000 00:00 0 
7fec10021000-7fec14000000 ---p 00000000 00:00 0 
7fec14000000-7fec14021000 rw-p 00000000 00:00 0 
7fec14021000-7fec18000000 ---p 00000000 00:00 0 
7fec18000000-7fec18021000 rw-p 00000000 00:00 0 
7fec18021000-7fec1c000000 ---p 00000000 00:00 0 
7fec1c000000-7fec1c0e2000 rw-p 00000000 00:00 0 
7fec1c0e2000-7fec20000000 ---p 00000000 00:00 0 
7fec20000000-7fec20021000 rw-p 00000000 00:00 0 
7fec20021000-7fec24000000 ---p 00000000 00:00 0 
7fec28000000-7fec28021000 rw-p 00000000 00:00 0 
7fec28021000-7fec2c000000 ---p 00000000 00:00 0 
7fec2d1be000-7fec2d61f000 rw-p 00000000 00:00 0 
7fec2d61f000-7fec2d68b000 r-xp 00000000 08:03 3145824                    /lib/x86_64-linux-gnu/libpcre.so.3.13.1
7fec2d68b000-7fec2d88a000 ---p 0006c000 08:03 3145824                    /lib/x86_64-linux-gnu/libpcre.so.3.13.1
7fec2d88a000-7fec2d88b000 r--p 0006b000 08:03 3145824                    /lib/x86_64-linux-gnu/libpcre.so.3.13.1
7fec2d88b000-7fec2d88c000 rw-p 0006c000 08:03 3145824                    /lib/x86_64-linux-gnu/libpcre.so.3.13.1
7fec2d88c000-7fec2d893000 r-xp 00000000 08:03 2761553                    /usr/lib/x86_64-linux-gnu/libffi.so.6.0.4
7fec2d893000-7fec2da92000 ---p 00007000 08:03 2761553                    /usr/lib/x86_64-linux-gnu/libffi.so.6.0.4
7fec2da92000-7fec2da93000 r--p 00006000 08:03 2761553                    /usr/lib/x86_64-linux-gnu/libffi.so.6.0.4
7fec2da93000-7fec2da94000 rw-p 00007000 08:03 2761553                    /usr/lib/x86_64-linux-gnu/libffi.so.6.0.4
7fec2da94000-7fec2daab000 r-xp 00000000 08:03 3150297                    /lib/x86_64-linux-gnu/libresolv-2.21.so
7fec2daab000-7fec2dcab000 ---p 00017000 08:03 3150297                    /lib/x86_64-linux-gnu/libresolv-2.21.so
7fec2dcab000-7fec2dcad000 r--p 00017000 08:03 3150297                    /lib/x86_64-linux-gnu/libresolv-2.21.so
7fec2dcad000-7fec2dcae000 rw-p 00019000 08:03 3150297                    /lib/x86_64-linux-gnu/libresolv-2.21.so
7fec2dcae000-7fec2dcb0000 rw-p 00000000 00:00 0 
7fec2dcb0000-7fec2dcd1000 r-xp 00000000 08:03 3150301                    /lib/x86_64-linux-gnu/libselinux.so.1
7fec2dcd1000-7fec2ded0000 ---p 00021000 08:03 3150301                    /lib/x86_64-linux-gnu/libselinux.so.1
7fec2ded0000-7fec2ded1000 r--p 00020000 08:03 3150301                    /lib/x86_64-linux-gnu/libselinux.so.1
7fec2ded1000-7fec2ded2000 rw-p 00021000 08:03 3150301                    /lib/x86_64-linux-gnu/libselinux.so.1
7fec2ded2000-7fec2ded4000 rw-p 00000000 00:00 0 
7fec2ded4000-7fec2ded7000 r-xp 00000000 08:03 2752935                    /usr/lib/x86_64-linux-gnu/libgmodule-2.0.so.0.4400.1
7fec2ded7000-7fec2e0d6000 ---p 00003000 08:03 2752935                    /usr/lib/x86_64-linux-gnu/libgmodule-2.0.so.0.4400.1
7fec2e0d6000-7fec2e0d7000 r--p 00002000 08:03 2752935                    /usr/lib/x86_64-linux-gnu/libgmodule-2.0.so.0.4400.1
7fec2e0d7000-7fec2e0d8000 rw-p 00003000 08:03 2752935                    /usr/lib/x86_64-linux-gnu/libgmodule-2.0.so.0.4400.1
7fec2e0d8000-7fec2e1e5000 r-xp 00000000 08:03 3150061                    /lib/x86_64-linux-gnu/libglib-2.0.so.0.4400.1
7fec2e1e5000-7fec2e3e4000 ---p 0010d000 08:03 3150061                    /lib/x86_64-linux-gnu/libglib-2.0.so.0.4400.1
7fec2e3e4000-7fec2e3e5000 r--p 0010c000 08:03 3150061                    /lib/x86_64-linux-gnu/libglib-2.0.so.0.4400.1
7fec2e3e5000-7fec2e3e6000 rw-p 0010d000 08:03 3150061                    /lib/x86_64-linux-gnu/libglib-2.0.so.0.4400.1
7fec2e3e6000-7fec2e3e7000 rw-p 00000000 00:00 0 
7fec2e3e7000-7fec2e437000 r-xp 00000000 08:03 2752895                    /usr/lib/x86_64-linux-gnu/libgobject-2.0.so.0.4400.1
7fec2e437000-7fec2e637000 ---p 00050000 08:03 2752895                    /usr/lib/x86_64-linux-gnu/libgobject-2.0.so.0.4400.1
7fec2e637000-7fec2e638000 r--p 00050000 08:03 2752895                    /usr/lib/x86_64-linux-gnu/libgobject-2.0.so.0.4400.1
7fec2e638000-7fec2e639000 rw-p 00051000 08:03 2752895                    /usr/lib/x86_64-linux-gnu/libgobject-2.0.so.0.4400.1
7fec2e639000-7fec2e7b1000 r-xp 00000000 08:03 2752917                    /usr/lib/x86_64-linux-gnu/libgio-2.0.so.0.4400.1
7fec2e7b1000-7fec2e9b1000 ---p 00178000 08:03 2752917                    /usr/lib/x86_64-linux-gnu/libgio-2.0.so.0.4400.1
7fec2e9b1000-7fec2e9b5000 r--p 00178000 08:03 2752917                    /usr/lib/x86_64-linux-gnu/libgio-2.0.so.0.4400.1
7fec2e9b5000-7fec2e9b7000 rw-p 0017c000 08:03 2752917                    /usr/lib/x86_64-linux-gnu/libgio-2.0.so.0.4400.1
7fec2e9b7000-7fec2e9b9000 rw-p 00000000 00:00 0 
7fec2e9b9000-7fec2e9d0000 r-xp 00000000 08:03 4200500                    /usr/lib/jvm/java-7-openjdk-amd64/jre/lib/amd64/libnet.so
7fec2e9d0000-7fec2ebcf000 ---p 00017000 08:03 4200500                    /usr/lib/jvm/java-7-openjdk-amd64/jre/lib/amd64/libnet.so
7fec2ebcf000-7fec2ebd0000 r--p 00016000 08:03 4200500                    /usr/lib/jvm/java-7-openjdk-amd64/jre/lib/amd64/libnet.so
7fec2ebd0000-7fec2ebd1000 rw-p 00017000 08:03 4200500                    /usr/lib/jvm/java-7-openjdk-amd64/jre/lib/amd64/libnet.so
7fec2ebd1000-7fec2ebe2000 r-xp 00000000 08:03 4200505                    /usr/lib/jvm/java-7-openjdk-amd64/jre/lib/amd64/libnio.so
7fec2ebe2000-7fec2ede1000 ---p 00011000 08:03 4200505                    /usr/lib/jvm/java-7-openjdk-amd64/jre/lib/amd64/libnio.so
7fec2ede1000-7fec2ede2000 r--p 00010000 08:03 4200505                    /usr/lib/jvm/java-7-openjdk-amd64/jre/lib/amd64/libnio.so
7fec2ede2000-7fec2ede3000 rw-p 00011000 08:03 4200505                    /usr/lib/jvm/java-7-openjdk-amd64/jre/lib/amd64/libnio.so
7fec2ede3000-7fec2ede4000 ---p 00000000 00:00 0 
7fec2ede4000-7fec2eee4000 rw-p 00000000 00:00 0                          [stack:12299]
7fec2eee4000-7fec2eee7000 ---p 00000000 00:00 0 
7fec2eee7000-7fec2efe5000 rw-p 00000000 00:00 0                          [stack:12298]
7fec2efe5000-7fec2efe8000 ---p 00000000 00:00 0 
7fec2efe8000-7fec2f0e6000 rw-p 00000000 00:00 0                          [stack:12297]
7fec2f0e6000-7fec2f0e9000 ---p 00000000 00:00 0 
7fec2f0e9000-7fec2f1e7000 rw-p 00000000 00:00 0                          [stack:12296]
7fec2f1e7000-7fec2f1ea000 ---p 00000000 00:00 0 
7fec2f1ea000-7fec2f2e8000 rw-p 00000000 00:00 0                          [stack:12295]
7fec2f2e8000-7fec2fafb000 r--p 00000000 08:03 2760241                    /usr/lib/locale/locale-archive
7fec2fafb000-7fec2fafe000 ---p 00000000 00:00 0 
7fec2fafe000-7fec2fbfc000 rw-p 00000000 00:00 0                          [stack:12294]
7fec2fbfc000-7fec2fbff000 ---p 00000000 00:00 0 
7fec2fbff000-7fec2fcfd000 rw-p 00000000 00:00 0                          [stack:12293]
7fec2fcfd000-7fec2fcfe000 ---p 00000000 00:00 0 
7fec2fcfe000-7fec30000000 rw-p 00000000 00:00 0                          [stack:12292]
7fec30000000-7fec30021000 rw-p 00000000 00:00 0 
7fec30021000-7fec34000000 ---p 00000000 00:00 0 
7fec340c6000-7fec340cd000 r--s 00000000 08:03 3017584                    /usr/lib/x86_64-linux-gnu/gconv/gconv-modules.cache
7fec340cd000-7fec340f2000 r--p 00000000 08:03 3804880                    /usr/share/locale-langpack/pl/LC_MESSAGES/libc.mo
7fec340f2000-7fec34eed000 rw-p 00000000 00:00 0 
7fec34eed000-7fec3509e000 r--s 01d29000 08:03 4200047                    /usr/lib/jvm/java-7-openjdk-amd64/jre/lib/rt.jar
7fec3509e000-7fec3791a000 rw-p 00000000 00:00 0 
7fec3791a000-7fec3791b000 ---p 00000000 00:00 0 
7fec3791b000-7fec37a1b000 rw-p 00000000 00:00 0                          [stack:12291]
7fec37a1b000-7fec37a1c000 ---p 00000000 00:00 0 
7fec37a1c000-7fec37b1c000 rw-p 00000000 00:00 0                          [stack:12290]
7fec37b1c000-7fec37b1d000 ---p 00000000 00:00 0 
7fec37b1d000-7fec37c1d000 rw-p 00000000 00:00 0                          [stack:12289]
7fec37c1d000-7fec37c1e000 ---p 00000000 00:00 0 
7fec37c1e000-7fec37d29000 rw-p 00000000 00:00 0                          [stack:12288]
7fec37d29000-7fec37d71000 rw-p 00000000 00:00 0 
7fec37d71000-7fec37d88000 rw-p 00000000 00:00 0 
7fec37d88000-7fec37ec6000 rw-p 00000000 00:00 0 
7fec37ec6000-7fec37f38000 rw-p 00000000 00:00 0 
7fec37f38000-7fec37f71000 rw-p 00000000 00:00 0 
7fec37f71000-7fec37f72000 rw-p 00000000 00:00 0 
7fec37f72000-7fec381e2000 rwxp 00000000 00:00 0 
7fec381e2000-7fec3af72000 rw-p 00000000 00:00 0 
7fec3af72000-7fec3af7a000 r-xp 00000000 08:03 4200080                    /usr/lib/jvm/java-7-openjdk-amd64/jre/lib/amd64/libzip.so
7fec3af7a000-7fec3b179000 ---p 00008000 08:03 4200080                    /usr/lib/jvm/java-7-openjdk-amd64/jre/lib/amd64/libzip.so
7fec3b179000-7fec3b17a000 r--p 00007000 08:03 4200080                    /usr/lib/jvm/java-7-openjdk-amd64/jre/lib/amd64/libzip.so
7fec3b17a000-7fec3b17b000 rw-p 00008000 08:03 4200080                    /usr/lib/jvm/java-7-openjdk-amd64/jre/lib/amd64/libzip.so
7fec3b17b000-7fec3b187000 r-xp 00000000 08:03 3150244                    /lib/x86_64-linux-gnu/libnss_files-2.21.so
7fec3b187000-7fec3b386000 ---p 0000c000 08:03 3150244                    /lib/x86_64-linux-gnu/libnss_files-2.21.so
7fec3b386000-7fec3b387000 r--p 0000b000 08:03 3150244                    /lib/x86_64-linux-gnu/libnss_files-2.21.so
7fec3b387000-7fec3b388000 rw-p 0000c000 08:03 3150244                    /lib/x86_64-linux-gnu/libnss_files-2.21.so
7fec3b388000-7fec3b393000 r-xp 00000000 08:03 3150254                    /lib/x86_64-linux-gnu/libnss_nis-2.21.so
7fec3b393000-7fec3b592000 ---p 0000b000 08:03 3150254                    /lib/x86_64-linux-gnu/libnss_nis-2.21.so
7fec3b592000-7fec3b593000 r--p 0000a000 08:03 3150254                    /lib/x86_64-linux-gnu/libnss_nis-2.21.so
7fec3b593000-7fec3b594000 rw-p 0000b000 08:03 3150254                    /lib/x86_64-linux-gnu/libnss_nis-2.21.so
7fec3b594000-7fec3b5ab000 r-xp 00000000 08:03 3150238                    /lib/x86_64-linux-gnu/libnsl-2.21.so
7fec3b5ab000-7fec3b7aa000 ---p 00017000 08:03 3150238                    /lib/x86_64-linux-gnu/libnsl-2.21.so
7fec3b7aa000-7fec3b7ab000 r--p 00016000 08:03 3150238                    /lib/x86_64-linux-gnu/libnsl-2.21.so
7fec3b7ab000-7fec3b7ac000 rw-p 00017000 08:03 3150238                    /lib/x86_64-linux-gnu/libnsl-2.21.so
7fec3b7ac000-7fec3b7ae000 rw-p 00000000 00:00 0 
7fec3b7ae000-7fec3b7b6000 r-xp 00000000 08:03 3150240                    /lib/x86_64-linux-gnu/libnss_compat-2.21.so
7fec3b7b6000-7fec3b9b5000 ---p 00008000 08:03 3150240                    /lib/x86_64-linux-gnu/libnss_compat-2.21.so
7fec3b9b5000-7fec3b9b6000 r--p 00007000 08:03 3150240                    /lib/x86_64-linux-gnu/libnss_compat-2.21.so
7fec3b9b6000-7fec3b9b7000 rw-p 00008000 08:03 3150240                    /lib/x86_64-linux-gnu/libnss_compat-2.21.so
7fec3b9b7000-7fec3b9e4000 r-xp 00000000 08:03 4200508                    /usr/lib/jvm/java-7-openjdk-amd64/jre/lib/amd64/libjava.so
7fec3b9e4000-7fec3bbe3000 ---p 0002d000 08:03 4200508                    /usr/lib/jvm/java-7-openjdk-amd64/jre/lib/amd64/libjava.so
7fec3bbe3000-7fec3bbe4000 r--p 0002c000 08:03 4200508                    /usr/lib/jvm/java-7-openjdk-amd64/jre/lib/amd64/libjava.so
7fec3bbe4000-7fec3bbe6000 rw-p 0002d000 08:03 4200508                    /usr/lib/jvm/java-7-openjdk-amd64/jre/lib/amd64/libjava.so
7fec3bbe6000-7fec3bbf5000 r-xp 00000000 08:03 4200489                    /usr/lib/jvm/java-7-openjdk-amd64/jre/lib/amd64/libverify.so
7fec3bbf5000-7fec3bdf4000 ---p 0000f000 08:03 4200489                    /usr/lib/jvm/java-7-openjdk-amd64/jre/lib/amd64/libverify.so
7fec3bdf4000-7fec3bdf7000 r--p 0000e000 08:03 4200489                    /usr/lib/jvm/java-7-openjdk-amd64/jre/lib/amd64/libverify.so
7fec3bdf7000-7fec3bdf8000 rw-p 00011000 08:03 4200489                    /usr/lib/jvm/java-7-openjdk-amd64/jre/lib/amd64/libverify.so
7fec3bdf8000-7fec3bdff000 r-xp 00000000 08:03 3150299                    /lib/x86_64-linux-gnu/librt-2.21.so
7fec3bdff000-7fec3bffe000 ---p 00007000 08:03 3150299                    /lib/x86_64-linux-gnu/librt-2.21.so
7fec3bffe000-7fec3bfff000 r--p 00006000 08:03 3150299                    /lib/x86_64-linux-gnu/librt-2.21.so
7fec3bfff000-7fec3c000000 rw-p 00007000 08:03 3150299                    /lib/x86_64-linux-gnu/librt-2.21.so
7fec3c000000-7fec3c235000 rw-p 00000000 00:00 0 
7fec3c235000-7fec40000000 ---p 00000000 00:00 0 
7fec40005000-7fec40028000 rw-p 00000000 00:00 0 
7fec40028000-7fec40070000 rw-p 00000000 00:00 0 
7fec40070000-7fec40087000 rw-p 00000000 00:00 0 
7fec40087000-7fec401c6000 rw-p 00000000 00:00 0 
7fec401c6000-7fec401dc000 r-xp 00000000 08:03 3145837                    /lib/x86_64-linux-gnu/libgcc_s.so.1
7fec401dc000-7fec403db000 ---p 00016000 08:03 3145837                    /lib/x86_64-linux-gnu/libgcc_s.so.1
7fec403db000-7fec403dc000 rw-p 00015000 08:03 3145837                    /lib/x86_64-linux-gnu/libgcc_s.so.1
7fec403dc000-7fec404e3000 r-xp 00000000 08:03 3150217                    /lib/x86_64-linux-gnu/libm-2.21.so
7fec404e3000-7fec406e2000 ---p 00107000 08:03 3150217                    /lib/x86_64-linux-gnu/libm-2.21.so
7fec406e2000-7fec406e3000 r--p 00106000 08:03 3150217                    /lib/x86_64-linux-gnu/libm-2.21.so
7fec406e3000-7fec406e4000 rw-p 00107000 08:03 3150217                    /lib/x86_64-linux-gnu/libm-2.21.so
7fec406e4000-7fec407d4000 r-xp 00000000 08:03 2762226                    /usr/lib/x86_64-linux-gnu/libstdc++.so.6.0.20
7fec407d4000-7fec409d4000 ---p 000f0000 08:03 2762226                    /usr/lib/x86_64-linux-gnu/libstdc++.so.6.0.20
7fec409d4000-7fec409dc000 r--p 000f0000 08:03 2762226                    /usr/lib/x86_64-linux-gnu/libstdc++.so.6.0.20
7fec409dc000-7fec409de000 rw-p 000f8000 08:03 2762226                    /usr/lib/x86_64-linux-gnu/libstdc++.so.6.0.20
7fec409de000-7fec409f3000 rw-p 00000000 00:00 0 
7fec409f3000-7fec4154b000 r-xp 00000000 08:03 4200477                    /usr/lib/jvm/java-7-openjdk-amd64/jre/lib/amd64/server/libjvm.so
7fec4154b000-7fec4174a000 ---p 00b58000 08:03 4200477                    /usr/lib/jvm/java-7-openjdk-amd64/jre/lib/amd64/server/libjvm.so
7fec4174a000-7fec417e9000 r--p 00b57000 08:03 4200477                    /usr/lib/jvm/java-7-openjdk-amd64/jre/lib/amd64/server/libjvm.so
7fec417e9000-7fec4180c000 rw-p 00bf6000 08:03 4200477                    /usr/lib/jvm/java-7-openjdk-amd64/jre/lib/amd64/server/libjvm.so
7fec4180c000-7fec41839000 rw-p 00000000 00:00 0 
7fec41839000-7fec41852000 r-xp 00000000 08:03 3150332                    /lib/x86_64-linux-gnu/libz.so.1.2.8
7fec41852000-7fec41a52000 ---p 00019000 08:03 3150332                    /lib/x86_64-linux-gnu/libz.so.1.2.8
7fec41a52000-7fec41a53000 r--p 00019000 08:03 3150332                    /lib/x86_64-linux-gnu/libz.so.1.2.8
7fec41a53000-7fec41a54000 rw-p 0001a000 08:03 3150332                    /lib/x86_64-linux-gnu/libz.so.1.2.8
7fec41a54000-7fec41a6c000 r-xp 00000000 08:03 3150291                    /lib/x86_64-linux-gnu/libpthread-2.21.so
7fec41a6c000-7fec41c6c000 ---p 00018000 08:03 3150291                    /lib/x86_64-linux-gnu/libpthread-2.21.so
7fec41c6c000-7fec41c6d000 r--p 00018000 08:03 3150291                    /lib/x86_64-linux-gnu/libpthread-2.21.so
7fec41c6d000-7fec41c6e000 rw-p 00019000 08:03 3150291                    /lib/x86_64-linux-gnu/libpthread-2.21.so
7fec41c6e000-7fec41c72000 rw-p 00000000 00:00 0 
7fec41c72000-7fec41c75000 r-xp 00000000 08:03 3150175                    /lib/x86_64-linux-gnu/libdl-2.21.so
7fec41c75000-7fec41e74000 ---p 00003000 08:03 3150175                    /lib/x86_64-linux-gnu/libdl-2.21.so
7fec41e74000-7fec41e75000 r--p 00002000 08:03 3150175                    /lib/x86_64-linux-gnu/libdl-2.21.so
7fec41e75000-7fec41e76000 rw-p 00003000 08:03 3150175                    /lib/x86_64-linux-gnu/libdl-2.21.so
7fec41e76000-7fec42036000 r-xp 00000000 08:03 3150158                    /lib/x86_64-linux-gnu/libc-2.21.so
7fec42036000-7fec42236000 ---p 001c0000 08:03 3150158                    /lib/x86_64-linux-gnu/libc-2.21.so
7fec42236000-7fec4223a000 r--p 001c0000 08:03 3150158                    /lib/x86_64-linux-gnu/libc-2.21.so
7fec4223a000-7fec4223c000 rw-p 001c4000 08:03 3150158                    /lib/x86_64-linux-gnu/libc-2.21.so
7fec4223c000-7fec42240000 rw-p 00000000 00:00 0 
7fec42240000-7fec4224d000 r-xp 00000000 08:03 4200083                    /usr/lib/jvm/java-7-openjdk-amd64/jre/lib/amd64/jli/libjli.so
7fec4224d000-7fec4244c000 ---p 0000d000 08:03 4200083                    /usr/lib/jvm/java-7-openjdk-amd64/jre/lib/amd64/jli/libjli.so
7fec4244c000-7fec4244d000 r--p 0000c000 08:03 4200083                    /usr/lib/jvm/java-7-openjdk-amd64/jre/lib/amd64/jli/libjli.so
7fec4244d000-7fec4244e000 rw-p 0000d000 08:03 4200083                    /usr/lib/jvm/java-7-openjdk-amd64/jre/lib/amd64/jli/libjli.so
7fec4244e000-7fec42472000 r-xp 00000000 08:03 3150130                    /lib/x86_64-linux-gnu/ld-2.21.so
7fec42475000-7fec4247a000 r--s 0004d000 08:03 4200054                    /usr/lib/jvm/java-7-openjdk-amd64/jre/lib/jsse.jar
7fec4247a000-7fec42489000 r--s 000dd000 08:03 4328696                    /home/maciej/Android/Sdk/build-tools/22.0.1/lib/dx.jar
7fec42489000-7fec42493000 rw-p 00000000 00:00 0 
7fec42493000-7fec42549000 rw-p 00000000 00:00 0 
7fec42549000-7fec4254c000 ---p 00000000 00:00 0 
7fec4254c000-7fec4264f000 rw-p 00000000 00:00 0                          [stack:12287]
7fec42650000-7fec42651000 rw-p 00000000 00:00 0 
7fec42651000-7fec42655000 r--s 0003c000 08:03 4200067                    /usr/lib/jvm/java-7-openjdk-amd64/jre/lib/ext/sunpkcs11.jar
7fec42655000-7fec42659000 r--s 00085000 08:03 4200064                    /usr/lib/jvm/java-7-openjdk-amd64/jre/lib/ext/localedata.jar
7fec42659000-7fec4265b000 r--s 00006000 08:03 3554385                    /usr/share/java/java-atk-wrapper.jar
7fec4265b000-7fec4265d000 r--s 00012000 08:03 4200069                    /usr/lib/jvm/java-7-openjdk-amd64/jre/lib/ext/zipfs.jar
7fec4265d000-7fec42660000 r--s 0000f000 08:03 4200068                    /usr/lib/jvm/java-7-openjdk-amd64/jre/lib/ext/icedtea-sound.jar
7fec42660000-7fec42664000 r--s 00034000 08:03 4200066                    /usr/lib/jvm/java-7-openjdk-amd64/jre/lib/ext/sunjce_provider.jar
7fec42664000-7fec42665000 r--s 00002000 08:03 4200065                    /usr/lib/jvm/java-7-openjdk-amd64/jre/lib/ext/dnsns.jar
7fec42665000-7fec4266d000 rw-s 00000000 08:03 3148640                    /tmp/hsperfdata_maciej/12282
7fec4266d000-7fec4266e000 rw-p 00000000 00:00 0 
7fec4266e000-7fec4266f000 ---p 00000000 00:00 0 
7fec4266f000-7fec42671000 rw-p 00000000 00:00 0 
7fec42671000-7fec42672000 r--p 00023000 08:03 3150130                    /lib/x86_64-linux-gnu/ld-2.21.so
7fec42672000-7fec42673000 rw-p 00024000 08:03 3150130                    /lib/x86_64-linux-gnu/ld-2.21.so
7fec42673000-7fec42674000 rw-p 00000000 00:00 0 
7fffb80b5000-7fffb80d7000 rw-p 00000000 00:00 0                          [stack]
7fffb8166000-7fffb8168000 r--p 00000000 00:00 0                          [vvar]
7fffb8168000-7fffb816a000 r-xp 00000000 00:00 0                          [vdso]
ffffffffff600000-ffffffffff601000 r-xp 00000000 00:00 0                  [vsyscall]

VM Arguments:
jvm_args: -Xmx1024M -Dfile.encoding=UTF-8 -Duser.country=PL -Duser.language=pl -Duser.variant 
java_command: com.android.dx.command.Main --dex --output /home/maciej/Pulpit/EvenTAG-app/app/build/intermediates/dex/debug /home/maciej/Pulpit/EvenTAG-app/app/build/intermediates/classes/debug /home/maciej/Pulpit/EvenTAG-app/app/build/intermediates/pre-dexed/debug/support-annotations-22.2.1-6978891cbaf695d217170bd5426cda659febf324.jar /home/maciej/Pulpit/EvenTAG-app/app/build/intermediates/pre-dexed/debug/classes-87ec2143851c31afea2e6a87a035d5938e439877.jar /home/maciej/Pulpit/EvenTAG-app/app/build/intermediates/pre-dexed/debug/classes-3896a68a1a5cf10177c82650c7c682c66142004d.jar /home/maciej/Pulpit/EvenTAG-app/app/build/intermediates/pre-dexed/debug/classes-a3bfbbefddfd9f10b84907dce1e7f546139e7a86.jar /home/maciej/Pulpit/EvenTAG-app/app/build/intermediates/pre-dexed/debug/classes-52c094c35453cc1e762ccaf16f53de9e81ab3152.jar /home/maciej/Pulpit/EvenTAG-app/app/build/intermediates/pre-dexed/debug/classes-b8e1a99368585a58b82f9166e0d454e2316e23e9.jar /home/maciej/Pulpit/EvenTAG-app/app/build/intermediates/pre-dexed/debug/classes-9bf116f8e50892850953cdd7072a02de5f2318b3.jar /home/maciej/Pulpit/EvenTAG-app/app/build/intermediates/pre-dexed/debug/bolts-android-1.2.0-7e924b539ea78f3101407b2e7010abd14cb35fde.jar /home/maciej/Pulpit/EvenTAG-app/app/build/intermediates/pre-dexed/debug/classes-4a5684bc8dbee5b54c0e0393b57681dc510efd85.jar /home/maciej/Pulpit/EvenTAG-app/app/build/intermediates/pre-dexed/debug/classes-9021a6afad487edb9088bb0ad7e682457efcb218.jar /home/maciej/Pulpit/EvenTAG-app/app/build/intermediates/pre-dexed/debug/classes-df076e060cac6f069ef009938695a85e8b49d54c.jar /home/maciej/Pulpit/EvenTAG-app/app/build/intermediates/pre-dexed/debug/classes-d70b1c0cc913ca8ee83f087bb838c96b6ed58c61.jar /home/maciej/Pulpit/EvenTAG-app/app/build/intermediates/pre-dexed/debug/classes-c5b20ead5725e4065c69be01cf900740e74d09b4.jar /home/maciej/Pulpit/EvenTAG-app/app/build/intermediates/pre-dexed/debug/android-async-http-1.4.9-ffbe4206af3f7c6dc57f73bf4e3258d761b2a24e.jar /home/m
Launcher Type: SUN_STANDARD

Environment Variables:
PATH=/usr/local/sbin:/usr/local/bin:/usr/sbin:/usr/bin:/sbin:/bin:/usr/games:/usr/local/games
LD_LIBRARY_PATH=/opt/android-studio/bin:
SHELL=/bin/bash
DISPLAY=:0

Signal Handlers:
SIGSEGV: [libjvm.so+0x98ac50], sa_mask[0]=0x7ffbfeff, sa_flags=0x10000004
SIGBUS: [libjvm.so+0x98ac50], sa_mask[0]=0x7ffbfeff, sa_flags=0x10000004
SIGFPE: [libjvm.so+0x7f8ab0], sa_mask[0]=0x7ffbfeff, sa_flags=0x10000004
SIGPIPE: [libjvm.so+0x7f8ab0], sa_mask[0]=0x7ffbfeff, sa_flags=0x10000004
SIGXFSZ: [libjvm.so+0x7f8ab0], sa_mask[0]=0x7ffbfeff, sa_flags=0x10000004
SIGILL: [libjvm.so+0x7f8ab0], sa_mask[0]=0x7ffbfeff, sa_flags=0x10000004
SIGUSR1: SIG_DFL, sa_mask[0]=0x00000000, sa_flags=0x00000000
SIGUSR2: [libjvm.so+0x7f8930], sa_mask[0]=0x00000004, sa_flags=0x10000004
SIGHUP: [libjvm.so+0x7f8b30], sa_mask[0]=0x7ffbfeff, sa_flags=0x10000004
SIGINT: [libjvm.so+0x7f8b30], sa_mask[0]=0x7ffbfeff, sa_flags=0x10000004
SIGTERM: [libjvm.so+0x7f8b30], sa_mask[0]=0x7ffbfeff, sa_flags=0x10000004
SIGQUIT: [libjvm.so+0x7f8b30], sa_mask[0]=0x7ffbfeff, sa_flags=0x10000004
SIGTRAP: SIG_DFL, sa_mask[0]=0x00000000, sa_flags=0x00000000


---------------  S Y S T E M  ---------------

OS:Ubuntu 15.04 (vivid)
uname:Linux 3.19.0-30-generic #34-Ubuntu SMP Fri Oct 2 22:08:41 UTC 2015 x86_64
libc:glibc 2.21 NPTL 2.21 
rlimit: STACK 8192k, CORE 0k, NPROC 14847, NOFILE 65536, AS infinity
load average:1,94 1,58 1,12

/proc/meminfo:
MemTotal:        3823288 kB
MemFree:          108212 kB
MemAvailable:      70084 kB
Buffers:            2332 kB
Cached:           372220 kB
SwapCached:        15444 kB
Active:          2429532 kB
Inactive:        1111252 kB
Active(anon):    2405160 kB
Inactive(anon):  1079760 kB
Active(file):      24372 kB
Inactive(file):    31492 kB
Unevictable:         136 kB
Mlocked:             136 kB
SwapTotal:        865276 kB
SwapFree:              0 kB
Dirty:              2580 kB
Writeback:             0 kB
AnonPages:       3151424 kB
Mapped:           283980 kB
Shmem:            318680 kB
Slab:              72516 kB
SReclaimable:      36820 kB
SUnreclaim:        35696 kB
KernelStack:       10432 kB
PageTables:        43760 kB
NFS_Unstable:          0 kB
Bounce:                0 kB
WritebackTmp:          0 kB
CommitLimit:     2776920 kB
Committed_AS:    8754536 kB
VmallocTotal:   34359738367 kB
VmallocUsed:      369884 kB
VmallocChunk:   34359272704 kB
HardwareCorrupted:     0 kB
AnonHugePages:   1859584 kB
CmaTotal:              0 kB
CmaFree:               0 kB
HugePages_Total:       0
HugePages_Free:        0
HugePages_Rsvd:        0
HugePages_Surp:        0
Hugepagesize:       2048 kB
DirectMap4k:      165812 kB
DirectMap2M:     3805184 kB


CPU:total 4 (2 cores per cpu, 2 threads per core) family 6 model 58 stepping 9, cmov, cx8, fxsr, mmx, sse, sse2, sse3, ssse3, sse4.1, sse4.2, popcnt, avx, aes, erms, ht, tsc, tscinvbit, tscinv

/proc/cpuinfo:
processor	: 0
vendor_id	: GenuineIntel
cpu family	: 6
model		: 58
model name	: Intel(R) Core(TM) i5-3210M CPU @ 2.50GHz
stepping	: 9
microcode	: 0x10
cpu MHz		: 1282.226
cache size	: 3072 KB
physical id	: 0
siblings	: 4
core id		: 0
cpu cores	: 2
apicid		: 0
initial apicid	: 0
fpu		: yes
fpu_exception	: yes
cpuid level	: 13
wp		: yes
flags		: fpu vme de pse tsc msr pae mce cx8 apic sep mtrr pge mca cmov pat pse36 clflush dts acpi mmx fxsr sse sse2 ss ht tm pbe syscall nx rdtscp lm constant_tsc arch_perfmon pebs bts rep_good nopl xtopology nonstop_tsc aperfmperf eagerfpu pni pclmulqdq dtes64 monitor ds_cpl vmx est tm2 ssse3 cx16 xtpr pdcm pcid sse4_1 sse4_2 x2apic popcnt tsc_deadline_timer aes xsave avx f16c rdrand lahf_lm ida arat epb pln pts dtherm tpr_shadow vnmi flexpriority ept vpid fsgsbase smep erms xsaveopt
bugs		:
bogomips	: 4988.75
clflush size	: 64
cache_alignment	: 64
address sizes	: 36 bits physical, 48 bits virtual
power management:

processor	: 1
vendor_id	: GenuineIntel
cpu family	: 6
model		: 58
model name	: Intel(R) Core(TM) i5-3210M CPU @ 2.50GHz
stepping	: 9
microcode	: 0x10
cpu MHz		: 1322.167
cache size	: 3072 KB
physical id	: 0
siblings	: 4
core id		: 0
cpu cores	: 2
apicid		: 1
initial apicid	: 1
fpu		: yes
fpu_exception	: yes
cpuid level	: 13
wp		: yes
flags		: fpu vme de pse tsc msr pae mce cx8 apic sep mtrr pge mca cmov pat pse36 clflush dts acpi mmx fxsr sse sse2 ss ht tm pbe syscall nx rdtscp lm constant_tsc arch_perfmon pebs bts rep_good nopl xtopology nonstop_tsc aperfmperf eagerfpu pni pclmulqdq dtes64 monitor ds_cpl vmx est tm2 ssse3 cx16 xtpr pdcm pcid sse4_1 sse4_2 x2apic popcnt tsc_deadline_timer aes xsave avx f16c rdrand lahf_lm ida arat epb pln pts dtherm tpr_shadow vnmi flexpriority ept vpid fsgsbase smep erms xsaveopt
bugs		:
bogomips	: 4988.75
clflush size	: 64
cache_alignment	: 64
address sizes	: 36 bits physical, 48 bits virtual
power management:

processor	: 2
vendor_id	: GenuineIntel
cpu family	: 6
model		: 58
model name	: Intel(R) Core(TM) i5-3210M CPU @ 2.50GHz
stepping	: 9
microcode	: 0x10
cpu MHz		: 1358.886
cache size	: 3072 KB
physical id	: 0
siblings	: 4
core id		: 1
cpu cores	: 2
apicid		: 2
initial apicid	: 2
fpu		: yes
fpu_exception	: yes
cpuid level	: 13
wp		: yes
flags		: fpu vme de pse tsc msr pae mce cx8 apic sep mtrr pge mca cmov pat pse36 clflush dts acpi mmx fxsr sse sse2 ss ht tm pbe syscall nx rdtscp lm constant_tsc arch_perfmon pebs bts rep_good nopl xtopology nonstop_tsc aperfmperf eagerfpu pni pclmulqdq dtes64 monitor ds_cpl vmx est tm2 ssse3 cx16 xtpr pdcm pcid sse4_1 sse4_2 x2apic popcnt tsc_deadline_timer aes xsave avx f16c rdrand lahf_lm ida arat epb pln pts dtherm tpr_shadow vnmi flexpriority ept vpid fsgsbase smep erms xsaveopt
bugs		:
bogomips	: 4988.75
clflush size	: 64
cache_alignment	: 64
address sizes	: 36 bits physical, 48 bits virtual
power management:

processor	: 3
vendor_id	: GenuineIntel
cpu family	: 6
model		: 58
model name	: Intel(R) Core(TM) i5-3210M CPU @ 2.50GHz
stepping	: 9
microcode	: 0x10
cpu MHz		: 1368.261
cache size	: 3072 KB
physical id	: 0
siblings	: 4
core id		: 1
cpu cores	: 2
apicid		: 3
initial apicid	: 3
fpu		: yes
fpu_exception	: yes
cpuid level	: 13
wp		: yes
flags		: fpu vme de pse tsc msr pae mce cx8 apic sep mtrr pge mca cmov pat pse36 clflush dts acpi mmx fxsr sse sse2 ss ht tm pbe syscall nx rdtscp lm constant_tsc arch_perfmon pebs bts rep_good nopl xtopology nonstop_tsc aperfmperf eagerfpu pni pclmulqdq dtes64 monitor ds_cpl vmx est tm2 ssse3 cx16 xtpr pdcm pcid sse4_1 sse4_2 x2apic popcnt tsc_deadline_timer aes xsave avx f16c rdrand lahf_lm ida arat epb pln pts dtherm tpr_shadow vnmi flexpriority ept vpid fsgsbase smep erms xsaveopt
bugs		:
bogomips	: 4988.75
clflush size	: 64
cache_alignment	: 64
address sizes	: 36 bits physical, 48 bits virtual
power management:



Memory: 4k page, physical 3823288k(108212k free), swap 865276k(0k free)

vm_info: OpenJDK 64-Bit Server VM (24.79-b02) for linux-amd64 JRE (1.7.0_79-b14), built on Jul 24 2015 05:24:39 by "buildd" with gcc 4.9.2

time: Sat Oct 17 20:39:26 2015
elapsed time: 9 seconds

